1	FETCH	0	20000037	USR
2	PHASE	1	writeback	0	USR
3	FETCH	55	01000008	USR
4	PHASE	1	writeback	0	USR
5	FETCH	56	01000000	USR
6	PHASE	1	writeback	0	USR
7	FETCH	57	05000000	USR
8	PHASE	1	execute	2	USR
9	PHASE	2	memory	1	USR
10	PHASE	3	writeback	0	USR
11	FETCH	58	2200002D	USR
12	PHASE	1	execute	1	USR
13	PHASE	2	writeback	0	USR
14	FETCH	45	01000006	USR
15	PHASE	1	writeback	0	USR
16	FETCH	46	01000008	USR
17	PHASE	1	writeback	0	USR
18	FETCH	47	04000000	USR
19	PHASE	1	execute	2	USR
20	PHASE	2	memory	1	USR
21	PHASE	3	writeback	0	USR
22	FETCH	48	05000000	USR
23	PHASE	1	execute	2	USR
24	PHASE	2	memory	1	USR
25	PHASE	3	writeback	0	USR
26	FETCH	49	01000007	USR
27	PHASE	1	writeback	0	USR
28	FETCH	50	01000000	USR
29	PHASE	1	writeback	0	USR
30	FETCH	51	05000000	USR
31	PHASE	1	execute	2	USR
32	PHASE	2	memory	1	USR
33	PHASE	3	writeback	0	USR
34	FETCH	52	2200000D	USR
35	PHASE	1	execute	1	USR
36	PHASE	2	writeback	0	USR
37	FETCH	13	01000007	USR
38	PHASE	1	writeback	0	USR
39	FETCH	14	04000000	USR
40	PHASE	1	execute	2	USR
41	PHASE	2	memory	1	USR
42	PHASE	3	writeback	0	USR
43	FETCH	15	01000006	USR
44	PHASE	1	writeback	0	USR
45	FETCH	16	04000000	USR
46	PHASE	1	execute	2	USR
47	PHASE	2	memory	1	USR
48	PHASE	3	writeback	0	USR
49	FETCH	17	04000000	USR
50	PHASE	1	execute	2	USR
51	PHASE	2	memory	1	USR
52	PHASE	3	writeback	0	USR
53	FETCH	18	16000000	USR
54	PHASE	1	execute	1	USR
55	PHASE	2	writeback	0	USR
56	FETCH	19	2100002A	USR
57	PHASE	1	execute	2	USR
58	PHASE	2	branch	1	USR
59	PHASE	3	writeback	0	USR
60	FETCH	42	01000000	USR
61	PHASE	1	writeback	0	USR
62	FETCH	43	06000000	USR
63	PHASE	1	writeback	0	USR
64	FETCH	44	23000000	USR
65	PHASE	1	execute	1	USR
66	PHASE	2	writeback	0	USR
67	FETCH	53	06000000	USR
68	PHASE	1	writeback	0	USR
69	FETCH	54	23000000	USR
70	PHASE	1	execute	1	USR
71	PHASE	2	writeback	0	USR
72	FETCH	59	32000000	USR
72	PHASE	1	writeback	0	USR
