1	FETCH	0	20000016	USR
2	PHASE	1	writeback	0	USR
3	FETCH	22	22000001	USR
4	PHASE	1	execute	1	USR
5	PHASE	2	writeback	0	USR
6	FETCH	1	01000000	USR
7	PHASE	1	writeback	0	USR
8	FETCH	2	30000000	USR
9	PHASE	1	execute	1	USR
10	PHASE	2	writeback	0	USR
11	FETCH	3	05000000	USR
12	PHASE	1	execute	2	USR
13	PHASE	2	memory	1	USR
14	PHASE	3	writeback	0	USR
15	FETCH	4	01000000	USR
16	PHASE	1	writeback	0	USR
17	FETCH	5	04000000	USR
18	PHASE	1	execute	2	USR
19	PHASE	2	memory	1	USR
20	PHASE	3	writeback	0	USR
21	FETCH	6	03000000	USR
22	PHASE	1	writeback	0	USR
23	FETCH	7	01000000	USR
24	PHASE	1	writeback	0	USR
25	FETCH	8	04000000	USR
26	PHASE	1	execute	2	USR
27	PHASE	2	memory	1	USR
28	PHASE	3	writeback	0	USR
29	FETCH	9	01FFFFFF	USR
30	PHASE	1	writeback	0	USR
31	FETCH	10	15000000	USR
32	PHASE	1	execute	1	USR
33	PHASE	2	writeback	0	USR
34	FETCH	11	2100000E	USR
35	PHASE	1	execute	2	USR
36	PHASE	2	branch	1	USR
37	PHASE	3	writeback	0	USR
38	FETCH	14	01000000	USR
39	PHASE	1	writeback	0	USR
40	FETCH	15	04000000	USR
41	PHASE	1	execute	2	USR
42	PHASE	2	memory	1	USR
43	PHASE	3	writeback	0	USR
44	FETCH	16	02000000	USR
45	PHASE	1	writeback	0	USR
46	FETCH	17	31000001	USR
47	PHASE	1	execute	1	USR
48	PHASE	2	writeback	0	USR
49	FETCH	18	03000000	USR
50	PHASE	1	writeback	0	USR
51	FETCH	19	22000001	USR
52	PHASE	1	execute	1	USR
53	PHASE	2	writeback	0	USR
54	FETCH	1	01000000	USR
55	PHASE	1	writeback	0	USR
56	FETCH	2	30000000	USR
57	PHASE	1	execute	1	USR
58	PHASE	2	writeback	0	USR
59	FETCH	3	05000000	USR
60	PHASE	1	execute	2	USR
61	PHASE	2	memory	1	USR
62	PHASE	3	writeback	0	USR
63	FETCH	4	01000000	USR
64	PHASE	1	writeback	0	USR
65	FETCH	5	04000000	USR
66	PHASE	1	execute	2	USR
67	PHASE	2	memory	1	USR
68	PHASE	3	writeback	0	USR
69	FETCH	6	03000000	USR
70	PHASE	1	writeback	0	USR
71	FETCH	7	01000000	USR
72	PHASE	1	writeback	0	USR
73	FETCH	8	04000000	USR
74	PHASE	1	execute	2	USR
75	PHASE	2	memory	1	USR
76	PHASE	3	writeback	0	USR
77	FETCH	9	01FFFFFF	USR
78	PHASE	1	writeback	0	USR
79	FETCH	10	15000000	USR
80	PHASE	1	execute	1	USR
81	PHASE	2	writeback	0	USR
82	FETCH	11	2100000E	USR
83	PHASE	1	execute	2	USR
84	PHASE	2	branch	1	USR
85	PHASE	3	writeback	0	USR
86	FETCH	14	01000000	USR
87	PHASE	1	writeback	0	USR
88	FETCH	15	04000000	USR
89	PHASE	1	execute	2	USR
90	PHASE	2	memory	1	USR
91	PHASE	3	writeback	0	USR
92	FETCH	16	02000000	USR
93	PHASE	1	writeback	0	USR
94	FETCH	17	31000001	USR
95	PHASE	1	execute	1	USR
96	PHASE	2	writeback	0	USR
97	FETCH	18	03000000	USR
98	PHASE	1	writeback	0	USR
99	FETCH	19	22000001	USR
100	PHASE	1	execute	1	USR
101	PHASE	2	writeback	0	USR
102	FETCH	1	01000000	USR
103	PHASE	1	writeback	0	USR
104	FETCH	2	30000000	USR
105	PHASE	1	execute	1	USR
106	PHASE	2	writeback	0	USR
107	FETCH	3	05000000	USR
108	PHASE	1	execute	2	USR
109	PHASE	2	memory	1	USR
110	PHASE	3	writeback	0	USR
111	FETCH	4	01000000	USR
112	PHASE	1	writeback	0	USR
113	FETCH	5	04000000	USR
114	PHASE	1	execute	2	USR
115	PHASE	2	memory	1	USR
116	PHASE	3	writeback	0	USR
117	FETCH	6	03000000	USR
118	PHASE	1	writeback	0	USR
119	FETCH	7	01000000	USR
120	PHASE	1	writeback	0	USR
121	FETCH	8	04000000	USR
122	PHASE	1	execute	2	USR
123	PHASE	2	memory	1	USR
124	PHASE	3	writeback	0	USR
125	FETCH	9	01FFFFFF	USR
126	PHASE	1	writeback	0	USR
127	FETCH	10	15000000	USR
128	PHASE	1	execute	1	USR
129	PHASE	2	writeback	0	USR
130	FETCH	11	2100000E	USR
131	PHASE	1	execute	2	USR
132	PHASE	2	branch	1	USR
133	PHASE	3	writeback	0	USR
134	FETCH	14	01000000	USR
135	PHASE	1	writeback	0	USR
136	FETCH	15	04000000	USR
137	PHASE	1	execute	2	USR
138	PHASE	2	memory	1	USR
139	PHASE	3	writeback	0	USR
140	FETCH	16	02000000	USR
141	PHASE	1	writeback	0	USR
142	FETCH	17	31000001	USR
143	PHASE	1	execute	1	USR
144	PHASE	2	writeback	0	USR
145	FETCH	18	03000000	USR
146	PHASE	1	writeback	0	USR
147	FETCH	19	22000001	USR
148	PHASE	1	execute	1	USR
149	PHASE	2	writeback	0	USR
150	FETCH	1	01000000	USR
151	PHASE	1	writeback	0	USR
152	FETCH	2	30000000	USR
153	PHASE	1	execute	1	USR
154	PHASE	2	writeback	0	USR
155	FETCH	3	05000000	USR
156	PHASE	1	execute	2	USR
157	PHASE	2	memory	1	USR
158	PHASE	3	writeback	0	USR
159	FETCH	4	01000000	USR
160	PHASE	1	writeback	0	USR
161	FETCH	5	04000000	USR
162	PHASE	1	execute	2	USR
163	PHASE	2	memory	1	USR
164	PHASE	3	writeback	0	USR
165	FETCH	6	03000000	USR
166	PHASE	1	writeback	0	USR
167	FETCH	7	01000000	USR
168	PHASE	1	writeback	0	USR
169	FETCH	8	04000000	USR
170	PHASE	1	execute	2	USR
171	PHASE	2	memory	1	USR
172	PHASE	3	writeback	0	USR
173	FETCH	9	01FFFFFF	USR
174	PHASE	1	writeback	0	USR
175	FETCH	10	15000000	USR
176	PHASE	1	execute	1	USR
177	PHASE	2	writeback	0	USR
178	FETCH	11	2100000E	USR
179	PHASE	1	execute	2	USR
180	PHASE	2	branch	1	USR
181	PHASE	3	writeback	0	USR
182	FETCH	14	01000000	USR
183	PHASE	1	writeback	0	USR
184	FETCH	15	04000000	USR
185	PHASE	1	execute	2	USR
186	PHASE	2	memory	1	USR
187	PHASE	3	writeback	0	USR
188	FETCH	16	02000000	USR
189	PHASE	1	writeback	0	USR
190	FETCH	17	31000001	USR
191	PHASE	1	execute	1	USR
192	PHASE	2	writeback	0	USR
193	FETCH	18	03000000	USR
194	PHASE	1	writeback	0	USR
195	FETCH	19	22000001	USR
196	PHASE	1	execute	1	USR
197	PHASE	2	writeback	0	USR
198	FETCH	1	01000000	USR
199	PHASE	1	writeback	0	USR
200	FETCH	2	30000000	USR
201	PHASE	1	execute	1	USR
202	PHASE	2	writeback	0	USR
203	FETCH	3	05000000	USR
204	PHASE	1	execute	2	USR
205	PHASE	2	memory	1	USR
206	PHASE	3	writeback	0	USR
207	FETCH	4	01000000	USR
208	PHASE	1	writeback	0	USR
209	FETCH	5	04000000	USR
210	PHASE	1	execute	2	USR
211	PHASE	2	memory	1	USR
212	PHASE	3	writeback	0	USR
213	FETCH	6	03000000	USR
214	PHASE	1	writeback	0	USR
215	FETCH	7	01000000	USR
216	PHASE	1	writeback	0	USR
217	FETCH	8	04000000	USR
218	PHASE	1	execute	2	USR
219	PHASE	2	memory	1	USR
220	PHASE	3	writeback	0	USR
221	FETCH	9	01FFFFFF	USR
222	PHASE	1	writeback	0	USR
223	FETCH	10	15000000	USR
224	PHASE	1	execute	1	USR
225	PHASE	2	writeback	0	USR
226	FETCH	11	2100000E	USR
227	PHASE	1	execute	2	USR
228	PHASE	2	branch	1	USR
229	PHASE	3	writeback	0	USR
230	FETCH	12	00000000	USR
230	PHASE	1	writeback	0	USR
231	FETCH	13	20000014	USR
232	PHASE	1	writeback	0	USR
233	FETCH	20	06000000	USR
234	PHASE	1	writeback	0	USR
235	FETCH	21	23000000	USR
236	PHASE	1	execute	1	USR
237	PHASE	2	writeback	0	USR
238	FETCH	20	06000000	USR
239	PHASE	1	writeback	0	USR
240	FETCH	21	23000000	USR
241	PHASE	1	execute	1	USR
242	PHASE	2	writeback	0	USR
243	FETCH	20	06000000	USR
244	PHASE	1	writeback	0	USR
245	FETCH	21	23000000	USR
246	PHASE	1	execute	1	USR
247	PHASE	2	writeback	0	USR
248	FETCH	20	06000000	USR
249	PHASE	1	writeback	0	USR
250	FETCH	21	23000000	USR
251	PHASE	1	execute	1	USR
252	PHASE	2	writeback	0	USR
253	FETCH	23	32000000	USR
253	PHASE	1	writeback	0	USR
