1	FETCH	0	20000153	USR
2	PHASE	1	writeback	0	USR
3	FETCH	339	01000005	USR
4	PHASE	1	writeback	0	USR
5	FETCH	340	01000012	USR
6	PHASE	1	writeback	0	USR
7	FETCH	341	01000001	USR
8	PHASE	1	writeback	0	USR
9	FETCH	342	05000000	USR
10	PHASE	1	execute	2	USR
11	PHASE	2	memory	1	USR
12	PHASE	3	writeback	0	USR
13	FETCH	343	01000013	USR
14	PHASE	1	writeback	0	USR
15	FETCH	344	01000000	USR
16	PHASE	1	writeback	0	USR
17	FETCH	345	05000000	USR
18	PHASE	1	execute	2	USR
19	PHASE	2	memory	1	USR
20	PHASE	3	writeback	0	USR
21	FETCH	346	220000F3	USR
22	PHASE	1	execute	1	USR
23	PHASE	2	writeback	0	USR
24	FETCH	243	01000012	USR
25	PHASE	1	writeback	0	USR
26	FETCH	244	04000000	USR
27	PHASE	1	execute	2	USR
28	PHASE	2	memory	1	USR
29	PHASE	3	writeback	0	USR
30	FETCH	245	0100000A	USR
31	PHASE	1	writeback	0	USR
32	FETCH	246	16000000	USR
33	PHASE	1	execute	1	USR
34	PHASE	2	writeback	0	USR
35	FETCH	247	21000115	USR
36	PHASE	1	execute	2	USR
37	PHASE	2	branch	1	USR
38	PHASE	3	writeback	0	USR
39	FETCH	248	01000003	USR
40	PHASE	1	writeback	0	USR
41	FETCH	249	0100000F	USR
42	PHASE	1	writeback	0	USR
43	FETCH	250	01000012	USR
44	PHASE	1	writeback	0	USR
45	FETCH	251	04000000	USR
46	PHASE	1	execute	2	USR
47	PHASE	2	memory	1	USR
48	PHASE	3	writeback	0	USR
49	FETCH	252	05000000	USR
50	PHASE	1	execute	2	USR
51	PHASE	2	memory	1	USR
52	PHASE	3	writeback	0	USR
53	FETCH	253	01000010	USR
54	PHASE	1	writeback	0	USR
55	FETCH	254	01000000	USR
56	PHASE	1	writeback	0	USR
57	FETCH	255	05000000	USR
58	PHASE	1	execute	2	USR
59	PHASE	2	memory	1	USR
60	PHASE	3	writeback	0	USR
61	FETCH	256	01000011	USR
62	PHASE	1	writeback	0	USR
63	FETCH	257	01000013	USR
64	PHASE	1	writeback	0	USR
65	FETCH	258	04000000	USR
66	PHASE	1	execute	2	USR
67	PHASE	2	memory	1	USR
68	PHASE	3	writeback	0	USR
69	FETCH	259	05000000	USR
70	PHASE	1	execute	2	USR
71	PHASE	2	memory	1	USR
72	PHASE	3	writeback	0	USR
73	FETCH	260	220000C5	USR
74	PHASE	1	execute	1	USR
75	PHASE	2	writeback	0	USR
76	FETCH	197	01000010	USR
77	PHASE	1	writeback	0	USR
78	FETCH	198	04000000	USR
79	PHASE	1	execute	2	USR
80	PHASE	2	memory	1	USR
81	PHASE	3	writeback	0	USR
82	FETCH	199	0100000A	USR
83	PHASE	1	writeback	0	USR
84	FETCH	200	16000000	USR
85	PHASE	1	execute	1	USR
86	PHASE	2	writeback	0	USR
87	FETCH	201	210000EF	USR
88	PHASE	1	execute	2	USR
89	PHASE	2	branch	1	USR
90	PHASE	3	writeback	0	USR
91	FETCH	202	01000002	USR
92	PHASE	1	writeback	0	USR
93	FETCH	203	0100000B	USR
94	PHASE	1	writeback	0	USR
95	FETCH	204	0100000F	USR
96	PHASE	1	writeback	0	USR
97	FETCH	205	04000000	USR
98	PHASE	1	execute	2	USR
99	PHASE	2	memory	1	USR
100	PHASE	3	writeback	0	USR
101	FETCH	206	05000000	USR
102	PHASE	1	execute	2	USR
103	PHASE	2	memory	1	USR
104	PHASE	3	writeback	0	USR
105	FETCH	207	0100000C	USR
106	PHASE	1	writeback	0	USR
107	FETCH	208	01000010	USR
108	PHASE	1	writeback	0	USR
109	FETCH	209	04000000	USR
110	PHASE	1	execute	2	USR
111	PHASE	2	memory	1	USR
112	PHASE	3	writeback	0	USR
113	FETCH	210	05000000	USR
114	PHASE	1	execute	2	USR
115	PHASE	2	memory	1	USR
116	PHASE	3	writeback	0	USR
117	FETCH	211	0100000D	USR
118	PHASE	1	writeback	0	USR
119	FETCH	212	01000000	USR
120	PHASE	1	writeback	0	USR
121	FETCH	213	05000000	USR
122	PHASE	1	execute	2	USR
123	PHASE	2	memory	1	USR
124	PHASE	3	writeback	0	USR
125	FETCH	214	0100000E	USR
126	PHASE	1	writeback	0	USR
127	FETCH	215	01000011	USR
128	PHASE	1	writeback	0	USR
129	FETCH	216	04000000	USR
130	PHASE	1	execute	2	USR
131	PHASE	2	memory	1	USR
132	PHASE	3	writeback	0	USR
133	FETCH	217	05000000	USR
134	PHASE	1	execute	2	USR
135	PHASE	2	memory	1	USR
136	PHASE	3	writeback	0	USR
137	FETCH	218	2200008E	USR
138	PHASE	1	execute	1	USR
139	PHASE	2	writeback	0	USR
140	FETCH	142	0100000D	USR
141	PHASE	1	writeback	0	USR
142	FETCH	143	04000000	USR
143	PHASE	1	execute	2	USR
144	PHASE	2	memory	1	USR
145	PHASE	3	writeback	0	USR
146	FETCH	144	0100000A	USR
147	PHASE	1	writeback	0	USR
148	FETCH	145	16000000	USR
149	PHASE	1	execute	1	USR
150	PHASE	2	writeback	0	USR
151	FETCH	146	210000C1	USR
152	PHASE	1	execute	2	USR
153	PHASE	2	branch	1	USR
154	PHASE	3	writeback	0	USR
155	FETCH	147	01000001	USR
156	PHASE	1	writeback	0	USR
157	FETCH	148	01000009	USR
158	PHASE	1	writeback	0	USR
159	FETCH	149	010186A1	USR
160	PHASE	1	writeback	0	USR
161	FETCH	150	0100000B	USR
162	PHASE	1	writeback	0	USR
163	FETCH	151	04000000	USR
164	PHASE	1	execute	2	USR
165	PHASE	2	memory	1	USR
166	PHASE	3	writeback	0	USR
167	FETCH	152	12000000	USR
168	PHASE	1	execute	2	USR
169	PHASE	2	mul	1	USR
170	PHASE	3	writeback	0	USR
171	FETCH	153	0100271A	USR
172	PHASE	1	writeback	0	USR
173	FETCH	154	0100000C	USR
174	PHASE	1	writeback	0	USR
175	FETCH	155	04000000	USR
176	PHASE	1	execute	2	USR
177	PHASE	2	memory	1	USR
178	PHASE	3	writeback	0	USR
179	FETCH	156	12000000	USR
180	PHASE	1	execute	2	USR
181	PHASE	2	mul	1	USR
182	PHASE	3	writeback	0	USR
183	FETCH	157	10000000	USR
184	PHASE	1	execute	1	USR
185	PHASE	2	writeback	0	USR
186	FETCH	158	0100044C	USR
187	PHASE	1	writeback	0	USR
188	FETCH	159	0100000D	USR
189	PHASE	1	writeback	0	USR
190	FETCH	160	04000000	USR
191	PHASE	1	execute	2	USR
192	PHASE	2	memory	1	USR
193	PHASE	3	writeback	0	USR
194	FETCH	161	12000000	USR
195	PHASE	1	execute	2	USR
196	PHASE	2	mul	1	USR
197	PHASE	3	writeback	0	USR
198	FETCH	162	10000000	USR
199	PHASE	1	execute	1	USR
200	PHASE	2	writeback	0	USR
201	FETCH	163	05000000	USR
202	PHASE	1	execute	2	USR
203	PHASE	2	memory	1	USR
204	PHASE	3	writeback	0	USR
205	FETCH	164	0100000A	USR
206	PHASE	1	writeback	0	USR
207	FETCH	165	0100000E	USR
208	PHASE	1	writeback	0	USR
209	FETCH	166	04000000	USR
210	PHASE	1	execute	2	USR
211	PHASE	2	memory	1	USR
212	PHASE	3	writeback	0	USR
213	FETCH	167	05000000	USR
214	PHASE	1	execute	2	USR
215	PHASE	2	memory	1	USR
216	PHASE	3	writeback	0	USR
217	FETCH	168	22000073	USR
218	PHASE	1	execute	1	USR
219	PHASE	2	writeback	0	USR
220	FETCH	115	01000001	USR
221	PHASE	1	writeback	0	USR
222	FETCH	116	01000007	USR
223	PHASE	1	writeback	0	USR
224	FETCH	117	01000009	USR
225	PHASE	1	writeback	0	USR
226	FETCH	118	04000000	USR
227	PHASE	1	execute	2	USR
228	PHASE	2	memory	1	USR
229	PHASE	3	writeback	0	USR
230	FETCH	119	05000000	USR
231	PHASE	1	execute	2	USR
232	PHASE	2	memory	1	USR
233	PHASE	3	writeback	0	USR
234	FETCH	120	01000008	USR
235	PHASE	1	writeback	0	USR
236	FETCH	121	01000064	USR
237	PHASE	1	writeback	0	USR
238	FETCH	122	05000000	USR
239	PHASE	1	execute	2	USR
240	PHASE	2	memory	1	USR
241	PHASE	3	writeback	0	USR
242	FETCH	123	22000012	USR
243	PHASE	1	execute	1	USR
244	PHASE	2	writeback	0	USR
245	FETCH	18	01000008	USR
246	PHASE	1	writeback	0	USR
247	FETCH	19	04000000	USR
248	PHASE	1	execute	2	USR
249	PHASE	2	memory	1	USR
250	PHASE	3	writeback	0	USR
251	FETCH	20	010003E8	USR
252	PHASE	1	writeback	0	USR
253	FETCH	21	16000000	USR
254	PHASE	1	execute	1	USR
255	PHASE	2	writeback	0	USR
256	FETCH	22	21000070	USR
257	PHASE	1	execute	2	USR
258	PHASE	2	branch	1	USR
259	PHASE	3	writeback	0	USR
260	FETCH	23	01000007	USR
261	PHASE	1	writeback	0	USR
262	FETCH	24	04000000	USR
263	PHASE	1	execute	2	USR
264	PHASE	2	memory	1	USR
265	PHASE	3	writeback	0	USR
266	FETCH	25	01000008	USR
267	PHASE	1	writeback	0	USR
268	FETCH	26	04000000	USR
269	PHASE	1	execute	2	USR
270	PHASE	2	memory	1	USR
271	PHASE	3	writeback	0	USR
272	FETCH	27	01000008	USR
273	PHASE	1	writeback	0	USR
274	FETCH	28	04000000	USR
275	PHASE	1	execute	2	USR
276	PHASE	2	memory	1	USR
277	PHASE	3	writeback	0	USR
278	FETCH	29	12000000	USR
279	PHASE	1	execute	2	USR
280	PHASE	2	mul	1	USR
281	PHASE	3	writeback	0	USR
282	FETCH	30	16000000	USR
283	PHASE	1	execute	1	USR
284	PHASE	2	writeback	0	USR
285	FETCH	31	21000022	USR
286	PHASE	1	execute	2	USR
287	PHASE	2	branch	1	USR
288	PHASE	3	writeback	0	USR
289	FETCH	34	01000000	USR
290	PHASE	1	writeback	0	USR
291	FETCH	35	01000007	USR
292	PHASE	1	writeback	0	USR
293	FETCH	36	04000000	USR
294	PHASE	1	execute	2	USR
295	PHASE	2	memory	1	USR
296	PHASE	3	writeback	0	USR
297	FETCH	37	01000008	USR
298	PHASE	1	writeback	0	USR
299	FETCH	38	04000000	USR
300	PHASE	1	execute	2	USR
301	PHASE	2	memory	1	USR
302	PHASE	3	writeback	0	USR
303	FETCH	39	14000000	USR
304	PHASE	1	execute	2	USR
305	PHASE	2	div	1	USR
306	PHASE	3	writeback	0	USR
307	FETCH	40	15000000	USR
308	PHASE	1	execute	1	USR
309	PHASE	2	writeback	0	USR
310	FETCH	41	21000064	USR
311	PHASE	1	execute	2	USR
312	PHASE	2	branch	1	USR
313	PHASE	3	writeback	0	USR
314	FETCH	100	01000007	USR
315	PHASE	1	writeback	0	USR
316	FETCH	101	01000007	USR
317	PHASE	1	writeback	0	USR
318	FETCH	102	04000000	USR
319	PHASE	1	execute	2	USR
320	PHASE	2	memory	1	USR
321	PHASE	3	writeback	0	USR
322	FETCH	103	05000000	USR
323	PHASE	1	execute	2	USR
324	PHASE	2	memory	1	USR
325	PHASE	3	writeback	0	USR
326	FETCH	104	01000008	USR
327	PHASE	1	writeback	0	USR
328	FETCH	105	01000008	USR
329	PHASE	1	writeback	0	USR
330	FETCH	106	04000000	USR
331	PHASE	1	execute	2	USR
332	PHASE	2	memory	1	USR
333	PHASE	3	writeback	0	USR
334	FETCH	107	01000001	USR
335	PHASE	1	writeback	0	USR
336	FETCH	108	10000000	USR
337	PHASE	1	execute	1	USR
338	PHASE	2	writeback	0	USR
339	FETCH	109	05000000	USR
340	PHASE	1	execute	2	USR
341	PHASE	2	memory	1	USR
342	PHASE	3	writeback	0	USR
343	FETCH	110	22000012	USR
344	PHASE	1	execute	1	USR
345	PHASE	2	writeback	0	USR
346	FETCH	18	01000008	USR
347	PHASE	1	writeback	0	USR
348	FETCH	19	04000000	USR
349	PHASE	1	execute	2	USR
350	PHASE	2	memory	1	USR
351	PHASE	3	writeback	0	USR
352	FETCH	20	010003E8	USR
353	PHASE	1	writeback	0	USR
354	FETCH	21	16000000	USR
355	PHASE	1	execute	1	USR
356	PHASE	2	writeback	0	USR
357	FETCH	22	21000070	USR
358	PHASE	1	execute	2	USR
359	PHASE	2	branch	1	USR
360	PHASE	3	writeback	0	USR
361	FETCH	23	01000007	USR
362	PHASE	1	writeback	0	USR
363	FETCH	24	04000000	USR
364	PHASE	1	execute	2	USR
365	PHASE	2	memory	1	USR
366	PHASE	3	writeback	0	USR
367	FETCH	25	01000008	USR
368	PHASE	1	writeback	0	USR
369	FETCH	26	04000000	USR
370	PHASE	1	execute	2	USR
371	PHASE	2	memory	1	USR
372	PHASE	3	writeback	0	USR
373	FETCH	27	01000008	USR
374	PHASE	1	writeback	0	USR
375	FETCH	28	04000000	USR
376	PHASE	1	execute	2	USR
377	PHASE	2	memory	1	USR
378	PHASE	3	writeback	0	USR
379	FETCH	29	12000000	USR
380	PHASE	1	execute	2	USR
381	PHASE	2	mul	1	USR
382	PHASE	3	writeback	0	USR
383	FETCH	30	16000000	USR
384	PHASE	1	execute	1	USR
385	PHASE	2	writeback	0	USR
386	FETCH	31	21000022	USR
387	PHASE	1	execute	2	USR
388	PHASE	2	branch	1	USR
389	PHASE	3	writeback	0	USR
390	FETCH	34	01000000	USR
391	PHASE	1	writeback	0	USR
392	FETCH	35	01000007	USR
393	PHASE	1	writeback	0	USR
394	FETCH	36	04000000	USR
395	PHASE	1	execute	2	USR
396	PHASE	2	memory	1	USR
397	PHASE	3	writeback	0	USR
398	FETCH	37	01000008	USR
399	PHASE	1	writeback	0	USR
400	FETCH	38	04000000	USR
401	PHASE	1	execute	2	USR
402	PHASE	2	memory	1	USR
403	PHASE	3	writeback	0	USR
404	FETCH	39	14000000	USR
405	PHASE	1	execute	2	USR
406	PHASE	2	div	1	USR
407	PHASE	3	writeback	0	USR
408	FETCH	40	15000000	USR
409	PHASE	1	execute	1	USR
410	PHASE	2	writeback	0	USR
411	FETCH	41	21000064	USR
412	PHASE	1	execute	2	USR
413	PHASE	2	branch	1	USR
414	PHASE	3	writeback	0	USR
415	FETCH	100	01000007	USR
416	PHASE	1	writeback	0	USR
417	FETCH	101	01000007	USR
418	PHASE	1	writeback	0	USR
419	FETCH	102	04000000	USR
420	PHASE	1	execute	2	USR
421	PHASE	2	memory	1	USR
422	PHASE	3	writeback	0	USR
423	FETCH	103	05000000	USR
424	PHASE	1	execute	2	USR
425	PHASE	2	memory	1	USR
426	PHASE	3	writeback	0	USR
427	FETCH	104	01000008	USR
428	PHASE	1	writeback	0	USR
429	FETCH	105	01000008	USR
430	PHASE	1	writeback	0	USR
431	FETCH	106	04000000	USR
432	PHASE	1	execute	2	USR
433	PHASE	2	memory	1	USR
434	PHASE	3	writeback	0	USR
435	FETCH	107	01000001	USR
436	PHASE	1	writeback	0	USR
437	FETCH	108	10000000	USR
438	PHASE	1	execute	1	USR
439	PHASE	2	writeback	0	USR
440	FETCH	109	05000000	USR
441	PHASE	1	execute	2	USR
442	PHASE	2	memory	1	USR
443	PHASE	3	writeback	0	USR
444	FETCH	110	22000012	USR
445	PHASE	1	execute	1	USR
446	PHASE	2	writeback	0	USR
447	FETCH	18	01000008	USR
448	PHASE	1	writeback	0	USR
449	FETCH	19	04000000	USR
450	PHASE	1	execute	2	USR
451	PHASE	2	memory	1	USR
452	PHASE	3	writeback	0	USR
453	FETCH	20	010003E8	USR
454	PHASE	1	writeback	0	USR
455	FETCH	21	16000000	USR
456	PHASE	1	execute	1	USR
457	PHASE	2	writeback	0	USR
458	FETCH	22	21000070	USR
459	PHASE	1	execute	2	USR
460	PHASE	2	branch	1	USR
461	PHASE	3	writeback	0	USR
462	FETCH	23	01000007	USR
463	PHASE	1	writeback	0	USR
464	FETCH	24	04000000	USR
465	PHASE	1	execute	2	USR
466	PHASE	2	memory	1	USR
467	PHASE	3	writeback	0	USR
468	FETCH	25	01000008	USR
469	PHASE	1	writeback	0	USR
470	FETCH	26	04000000	USR
471	PHASE	1	execute	2	USR
472	PHASE	2	memory	1	USR
473	PHASE	3	writeback	0	USR
474	FETCH	27	01000008	USR
475	PHASE	1	writeback	0	USR
476	FETCH	28	04000000	USR
477	PHASE	1	execute	2	USR
478	PHASE	2	memory	1	USR
479	PHASE	3	writeback	0	USR
480	FETCH	29	12000000	USR
481	PHASE	1	execute	2	USR
482	PHASE	2	mul	1	USR
483	PHASE	3	writeback	0	USR
484	FETCH	30	16000000	USR
485	PHASE	1	execute	1	USR
486	PHASE	2	writeback	0	USR
487	FETCH	31	21000022	USR
488	PHASE	1	execute	2	USR
489	PHASE	2	branch	1	USR
490	PHASE	3	writeback	0	USR
491	FETCH	34	01000000	USR
492	PHASE	1	writeback	0	USR
493	FETCH	35	01000007	USR
494	PHASE	1	writeback	0	USR
495	FETCH	36	04000000	USR
496	PHASE	1	execute	2	USR
497	PHASE	2	memory	1	USR
498	PHASE	3	writeback	0	USR
499	FETCH	37	01000008	USR
500	PHASE	1	writeback	0	USR
5000000	PHASE	3	writeback	0	USR
10000000	PHASE	1	writeback	0	USR
15000000	PHASE	2	branch	1	USR
20000000	FETCH	29	12000000	USR
25000000	PHASE	1	execute	2	USR
30000000	FETCH	103	05000000	USR
35000000	FETCH	177	0100000C	USR
40000000	FETCH	100	01000007	USR
45000000	PHASE	3	writeback	0	USR
50000000	FETCH	113	06000000	USR
55000000	PHASE	3	writeback	0	USR
56619231	PHASE	1	execute	2	USR
56619232	PHASE	2	memory	1	USR
56619233	PHASE	3	writeback	0	USR
56619234	FETCH	271	01000013	USR
56619235	PHASE	1	writeback	0	USR
56619236	FETCH	272	01000003	USR
56619237	PHASE	1	writeback	0	USR
56619238	FETCH	273	04000000	USR
56619239	PHASE	1	execute	2	USR
56619240	PHASE	2	memory	1	USR
56619241	PHASE	3	writeback	0	USR
56619242	FETCH	274	05000000	USR
56619243	PHASE	1	execute	2	USR
56619244	PHASE	2	memory	1	USR
56619245	PHASE	3	writeback	0	USR
56619246	FETCH	275	220000F3	USR
56619247	PHASE	1	execute	1	USR
56619248	PHASE	2	writeback	0	USR
56619249	FETCH	243	01000012	USR
56619250	PHASE	1	writeback	0	USR
56619251	FETCH	244	04000000	USR
56619252	PHASE	1	execute	2	USR
56619253	PHASE	2	memory	1	USR
56619254	PHASE	3	writeback	0	USR
56619255	FETCH	245	0100000A	USR
56619256	PHASE	1	writeback	0	USR
56619257	FETCH	246	16000000	USR
56619258	PHASE	1	execute	1	USR
56619259	PHASE	2	writeback	0	USR
56619260	FETCH	247	21000115	USR
56619261	PHASE	1	execute	2	USR
56619262	PHASE	2	branch	1	USR
56619263	PHASE	3	writeback	0	USR
56619264	FETCH	277	01000013	USR
56619265	PHASE	1	writeback	0	USR
56619266	FETCH	278	04000000	USR
56619267	PHASE	1	execute	2	USR
56619268	PHASE	2	memory	1	USR
56619269	PHASE	3	writeback	0	USR
56619270	FETCH	279	06000000	USR
56619271	PHASE	1	writeback	0	USR
56619272	FETCH	280	23000000	USR
56619273	PHASE	1	execute	1	USR
56619274	PHASE	2	writeback	0	USR
56619275	FETCH	276	20000117	USR
56619276	PHASE	1	writeback	0	USR
56619277	FETCH	279	06000000	USR
56619278	PHASE	1	writeback	0	USR
56619279	FETCH	280	23000000	USR
56619280	PHASE	1	execute	1	USR
56619281	PHASE	2	writeback	0	USR
56619282	FETCH	276	20000117	USR
56619283	PHASE	1	writeback	0	USR
56619284	FETCH	279	06000000	USR
56619285	PHASE	1	writeback	0	USR
56619286	FETCH	280	23000000	USR
56619287	PHASE	1	execute	1	USR
56619288	PHASE	2	writeback	0	USR
56619289	FETCH	276	20000117	USR
56619290	PHASE	1	writeback	0	USR
56619291	FETCH	279	06000000	USR
56619292	PHASE	1	writeback	0	USR
56619293	FETCH	280	23000000	USR
56619294	PHASE	1	execute	1	USR
56619295	PHASE	2	writeback	0	USR
56619296	FETCH	276	20000117	USR
56619297	PHASE	1	writeback	0	USR
56619298	FETCH	279	06000000	USR
56619299	PHASE	1	writeback	0	USR
56619300	FETCH	280	23000000	USR
56619301	PHASE	1	execute	1	USR
56619302	PHASE	2	writeback	0	USR
56619303	FETCH	276	20000117	USR
56619304	PHASE	1	writeback	0	USR
56619305	FETCH	279	06000000	USR
56619306	PHASE	1	writeback	0	USR
56619307	FETCH	280	23000000	USR
56619308	PHASE	1	execute	1	USR
56619309	PHASE	2	writeback	0	USR
56619310	FETCH	276	20000117	USR
56619311	PHASE	1	writeback	0	USR
56619312	FETCH	279	06000000	USR
56619313	PHASE	1	writeback	0	USR
56619314	FETCH	280	23000000	USR
56619315	PHASE	1	execute	1	USR
56619316	PHASE	2	writeback	0	USR
56619317	FETCH	276	20000117	USR
56619318	PHASE	1	writeback	0	USR
56619319	FETCH	279	06000000	USR
56619320	PHASE	1	writeback	0	USR
56619321	FETCH	280	23000000	USR
56619322	PHASE	1	execute	1	USR
56619323	PHASE	2	writeback	0	USR
56619324	FETCH	276	20000117	USR
56619325	PHASE	1	writeback	0	USR
56619326	FETCH	279	06000000	USR
56619327	PHASE	1	writeback	0	USR
56619328	FETCH	280	23000000	USR
56619329	PHASE	1	execute	1	USR
56619330	PHASE	2	writeback	0	USR
56619331	FETCH	276	20000117	USR
56619332	PHASE	1	writeback	0	USR
56619333	FETCH	279	06000000	USR
56619334	PHASE	1	writeback	0	USR
56619335	FETCH	280	23000000	USR
56619336	PHASE	1	execute	1	USR
56619337	PHASE	2	writeback	0	USR
56619338	FETCH	347	05000000	USR
56619339	PHASE	1	execute	2	USR
56619340	PHASE	2	memory	1	USR
56619341	PHASE	3	writeback	0	USR
56619342	FETCH	348	01000005	USR
56619343	PHASE	1	writeback	0	USR
56619344	FETCH	349	04000000	USR
56619345	PHASE	1	execute	2	USR
56619346	PHASE	2	memory	1	USR
56619347	PHASE	3	writeback	0	USR
56619348	FETCH	350	03000000	USR
56619349	PHASE	1	writeback	0	USR
56619350	FETCH	351	01000014	USR
56619351	PHASE	1	writeback	0	USR
56619352	FETCH	352	01000005	USR
56619353	PHASE	1	writeback	0	USR
56619354	FETCH	353	04000000	USR
56619355	PHASE	1	execute	2	USR
56619356	PHASE	2	memory	1	USR
56619357	PHASE	3	writeback	0	USR
56619358	FETCH	354	05000000	USR
56619359	PHASE	1	execute	2	USR
56619360	PHASE	2	memory	1	USR
56619361	PHASE	3	writeback	0	USR
56619362	FETCH	355	22000119	USR
56619363	PHASE	1	execute	1	USR
56619364	PHASE	2	writeback	0	USR
56619365	FETCH	281	01000014	USR
56619366	PHASE	1	writeback	0	USR
56619367	FETCH	282	04000000	USR
56619368	PHASE	1	execute	2	USR
56619369	PHASE	2	memory	1	USR
56619370	PHASE	3	writeback	0	USR
56619371	FETCH	283	01000100	USR
56619372	PHASE	1	writeback	0	USR
56619373	FETCH	284	14000000	USR
56619374	PHASE	1	execute	2	USR
56619375	PHASE	2	div	1	USR
56619376	PHASE	3	writeback	0	USR
56619377	FETCH	285	02000000	USR
56619378	PHASE	1	writeback	0	USR
56619379	FETCH	286	31000001	USR
56619380	PHASE	1	execute	1	USR
56619381	PHASE	2	writeback	0	USR
56619382	FETCH	287	03000000	USR
56619383	PHASE	1	writeback	0	USR
56619384	FETCH	288	01000014	USR
56619385	PHASE	1	writeback	0	USR
56619386	FETCH	289	01000014	USR
56619387	PHASE	1	writeback	0	USR
56619388	FETCH	290	04000000	USR
56619389	PHASE	1	execute	2	USR
56619390	PHASE	2	memory	1	USR
56619391	PHASE	3	writeback	0	USR
56619392	FETCH	291	01000100	USR
56619393	PHASE	1	writeback	0	USR
56619394	FETCH	292	13000000	USR
56619395	PHASE	1	execute	2	USR
56619396	PHASE	2	div	1	USR
56619397	PHASE	3	writeback	0	USR
56619398	FETCH	293	05000000	USR
56619399	PHASE	1	execute	2	USR
56619400	PHASE	2	memory	1	USR
56619401	PHASE	3	writeback	0	USR
56619402	FETCH	294	01000014	USR
56619403	PHASE	1	writeback	0	USR
56619404	FETCH	295	04000000	USR
56619405	PHASE	1	execute	2	USR
56619406	PHASE	2	memory	1	USR
56619407	PHASE	3	writeback	0	USR
56619408	FETCH	296	03000000	USR
56619409	PHASE	1	writeback	0	USR
56619410	FETCH	297	01000014	USR
56619411	PHASE	1	writeback	0	USR
56619412	FETCH	298	04000000	USR
56619413	PHASE	1	execute	2	USR
56619414	PHASE	2	memory	1	USR
56619415	PHASE	3	writeback	0	USR
56619416	FETCH	299	01000100	USR
56619417	PHASE	1	writeback	0	USR
56619418	FETCH	300	14000000	USR
56619419	PHASE	1	execute	2	USR
56619420	PHASE	2	div	1	USR
56619421	PHASE	3	writeback	0	USR
56619422	FETCH	301	02000000	USR
56619423	PHASE	1	writeback	0	USR
56619424	FETCH	302	31000001	USR
56619425	PHASE	1	execute	1	USR
56619426	PHASE	2	writeback	0	USR
56619427	FETCH	303	03000000	USR
56619428	PHASE	1	writeback	0	USR
56619429	FETCH	304	01000014	USR
56619430	PHASE	1	writeback	0	USR
56619431	FETCH	305	01000014	USR
56619432	PHASE	1	writeback	0	USR
56619433	FETCH	306	04000000	USR
56619434	PHASE	1	execute	2	USR
56619435	PHASE	2	memory	1	USR
56619436	PHASE	3	writeback	0	USR
56619437	FETCH	307	01000100	USR
56619438	PHASE	1	writeback	0	USR
56619439	FETCH	308	13000000	USR
56619440	PHASE	1	execute	2	USR
56619441	PHASE	2	div	1	USR
56619442	PHASE	3	writeback	0	USR
56619443	FETCH	309	05000000	USR
56619444	PHASE	1	execute	2	USR
56619445	PHASE	2	memory	1	USR
56619446	PHASE	3	writeback	0	USR
56619447	FETCH	310	01000014	USR
56619448	PHASE	1	writeback	0	USR
56619449	FETCH	311	04000000	USR
56619450	PHASE	1	execute	2	USR
56619451	PHASE	2	memory	1	USR
56619452	PHASE	3	writeback	0	USR
56619453	FETCH	312	03000000	USR
56619454	PHASE	1	writeback	0	USR
56619455	FETCH	313	01000014	USR
56619456	PHASE	1	writeback	0	USR
56619457	FETCH	314	04000000	USR
56619458	PHASE	1	execute	2	USR
56619459	PHASE	2	memory	1	USR
56619460	PHASE	3	writeback	0	USR
56619461	FETCH	315	01000100	USR
56619462	PHASE	1	writeback	0	USR
56619463	FETCH	316	14000000	USR
56619464	PHASE	1	execute	2	USR
56619465	PHASE	2	div	1	USR
56619466	PHASE	3	writeback	0	USR
56619467	FETCH	317	02000000	USR
56619468	PHASE	1	writeback	0	USR
56619469	FETCH	318	31000001	USR
56619470	PHASE	1	execute	1	USR
56619471	PHASE	2	writeback	0	USR
56619472	FETCH	319	03000000	USR
56619473	PHASE	1	writeback	0	USR
56619474	FETCH	320	01000014	USR
56619475	PHASE	1	writeback	0	USR
56619476	FETCH	321	01000014	USR
56619477	PHASE	1	writeback	0	USR
56619478	FETCH	322	04000000	USR
56619479	PHASE	1	execute	2	USR
56619480	PHASE	2	memory	1	USR
56619481	PHASE	3	writeback	0	USR
56619482	FETCH	323	01000100	USR
56619483	PHASE	1	writeback	0	USR
56619484	FETCH	324	13000000	USR
56619485	PHASE	1	execute	2	USR
56619486	PHASE	2	div	1	USR
56619487	PHASE	3	writeback	0	USR
56619488	FETCH	325	05000000	USR
56619489	PHASE	1	execute	2	USR
56619490	PHASE	2	memory	1	USR
56619491	PHASE	3	writeback	0	USR
56619492	FETCH	326	01000014	USR
56619493	PHASE	1	writeback	0	USR
56619494	FETCH	327	04000000	USR
56619495	PHASE	1	execute	2	USR
56619496	PHASE	2	memory	1	USR
56619497	PHASE	3	writeback	0	USR
56619498	FETCH	328	03000000	USR
56619499	PHASE	1	writeback	0	USR
56619500	FETCH	329	01000014	USR
56619501	PHASE	1	writeback	0	USR
56619502	FETCH	330	04000000	USR
56619503	PHASE	1	execute	2	USR
56619504	PHASE	2	memory	1	USR
56619505	PHASE	3	writeback	0	USR
56619506	FETCH	331	01000100	USR
56619507	PHASE	1	writeback	0	USR
56619508	FETCH	332	14000000	USR
56619509	PHASE	1	execute	2	USR
56619510	PHASE	2	div	1	USR
56619511	PHASE	3	writeback	0	USR
56619512	FETCH	333	02000000	USR
56619513	PHASE	1	writeback	0	USR
56619514	FETCH	334	31000001	USR
56619515	PHASE	1	execute	1	USR
56619516	PHASE	2	writeback	0	USR
56619517	FETCH	335	03000000	USR
56619518	PHASE	1	writeback	0	USR
56619519	FETCH	336	01000000	USR
56619520	PHASE	1	writeback	0	USR
56619521	FETCH	337	06000000	USR
56619522	PHASE	1	writeback	0	USR
56619523	FETCH	338	23000000	USR
56619524	PHASE	1	execute	1	USR
56619525	PHASE	2	writeback	0	USR
56619526	FETCH	356	03000000	USR
56619527	PHASE	1	writeback	0	USR
56619528	FETCH	357	01000000	USR
56619529	PHASE	1	writeback	0	USR
56619530	FETCH	358	32000000	USR
56619530	PHASE	1	writeback	0	USR
