1	FETCH	0	01000000	USR
2	PHASE	1	writeback	0	USR
3	FETCH	1	01000001	USR
4	PHASE	1	writeback	0	USR
5	FETCH	2	05000000	USR
6	PHASE	1	execute	2	USR
7	PHASE	2	memory	1	USR
8	PHASE	3	writeback	0	USR
9	FETCH	3	01000000	USR
10	PHASE	1	writeback	0	USR
11	FETCH	4	04000000	USR
12	PHASE	1	execute	2	USR
13	PHASE	2	memory	1	USR
14	PHASE	3	writeback	0	USR
15	FETCH	5	03000000	USR
16	PHASE	1	writeback	0	USR
17	FETCH	6	01000001	USR
18	PHASE	1	writeback	0	USR
19	FETCH	7	01FFFFFF	USR
20	PHASE	1	writeback	0	USR
21	FETCH	8	05000000	USR
22	PHASE	1	execute	2	USR
23	PHASE	2	memory	1	USR
24	PHASE	3	writeback	0	USR
25	FETCH	9	01000001	USR
26	PHASE	1	writeback	0	USR
27	FETCH	10	04000000	USR
28	PHASE	1	execute	2	USR
29	PHASE	2	memory	1	USR
30	PHASE	3	writeback	0	USR
31	FETCH	11	03000000	USR
32	PHASE	1	writeback	0	USR
33	FETCH	12	01000002	USR
34	PHASE	1	writeback	0	USR
35	FETCH	13	01000002	USR
36	PHASE	1	writeback	0	USR
37	FETCH	14	05000000	USR
38	PHASE	1	execute	2	USR
39	PHASE	2	memory	1	USR
40	PHASE	3	writeback	0	USR
41	FETCH	15	01000002	USR
42	PHASE	1	writeback	0	USR
43	FETCH	16	04000000	USR
44	PHASE	1	execute	2	USR
45	PHASE	2	memory	1	USR
46	PHASE	3	writeback	0	USR
47	FETCH	17	03000000	USR
48	PHASE	1	writeback	0	USR
49	FETCH	18	01000003	USR
50	PHASE	1	writeback	0	USR
51	FETCH	19	01000001	USR
52	PHASE	1	writeback	0	USR
53	FETCH	20	05000000	USR
54	PHASE	1	execute	2	USR
55	PHASE	2	memory	1	USR
56	PHASE	3	writeback	0	USR
57	FETCH	21	01000003	USR
58	PHASE	1	writeback	0	USR
59	FETCH	22	04000000	USR
60	PHASE	1	execute	2	USR
61	PHASE	2	memory	1	USR
62	PHASE	3	writeback	0	USR
63	FETCH	23	03000000	USR
64	PHASE	1	writeback	0	USR
65	FETCH	24	01000004	USR
66	PHASE	1	writeback	0	USR
67	FETCH	25	01000001	USR
68	PHASE	1	writeback	0	USR
69	FETCH	26	04000000	USR
70	PHASE	1	execute	2	USR
71	PHASE	2	memory	1	USR
72	PHASE	3	writeback	0	USR
73	FETCH	27	01000003	USR
74	PHASE	1	writeback	0	USR
75	FETCH	28	04000000	USR
76	PHASE	1	execute	2	USR
77	PHASE	2	memory	1	USR
78	PHASE	3	writeback	0	USR
79	FETCH	29	10000000	USR
80	PHASE	1	execute	1	USR
81	PHASE	2	writeback	0	USR
82	FETCH	30	05000000	USR
83	PHASE	1	execute	2	USR
84	PHASE	2	memory	1	USR
85	PHASE	3	writeback	0	USR
86	FETCH	31	01000004	USR
87	PHASE	1	writeback	0	USR
88	FETCH	32	04000000	USR
89	PHASE	1	execute	2	USR
90	PHASE	2	memory	1	USR
91	PHASE	3	writeback	0	USR
92	FETCH	33	03000000	USR
93	PHASE	1	writeback	0	USR
94	FETCH	34	01000005	USR
95	PHASE	1	writeback	0	USR
96	FETCH	35	01000004	USR
97	PHASE	1	writeback	0	USR
98	FETCH	36	04000000	USR
99	PHASE	1	execute	2	USR
100	PHASE	2	memory	1	USR
101	PHASE	3	writeback	0	USR
102	FETCH	37	01000000	USR
103	PHASE	1	writeback	0	USR
104	FETCH	38	15000000	USR
105	PHASE	1	execute	1	USR
106	PHASE	2	writeback	0	USR
107	FETCH	39	2100002A	USR
108	PHASE	1	execute	2	USR
109	PHASE	2	branch	1	USR
110	PHASE	3	writeback	0	USR
111	FETCH	40	01000001	USR
112	PHASE	1	writeback	0	USR
113	FETCH	41	2000002B	USR
114	PHASE	1	writeback	0	USR
115	FETCH	43	05000000	USR
116	PHASE	1	execute	2	USR
117	PHASE	2	memory	1	USR
118	PHASE	3	writeback	0	USR
119	FETCH	44	01000005	USR
120	PHASE	1	writeback	0	USR
121	FETCH	45	04000000	USR
122	PHASE	1	execute	2	USR
123	PHASE	2	memory	1	USR
124	PHASE	3	writeback	0	USR
125	FETCH	46	03000000	USR
126	PHASE	1	writeback	0	USR
127	FETCH	47	01000006	USR
128	PHASE	1	writeback	0	USR
129	FETCH	48	01000000	USR
130	PHASE	1	writeback	0	USR
131	FETCH	49	04000000	USR
132	PHASE	1	execute	2	USR
133	PHASE	2	memory	1	USR
134	PHASE	3	writeback	0	USR
135	FETCH	50	01000002	USR
136	PHASE	1	writeback	0	USR
137	FETCH	51	04000000	USR
138	PHASE	1	execute	2	USR
139	PHASE	2	memory	1	USR
140	PHASE	3	writeback	0	USR
141	FETCH	52	10000000	USR
142	PHASE	1	execute	1	USR
143	PHASE	2	writeback	0	USR
144	FETCH	53	01000005	USR
145	PHASE	1	writeback	0	USR
146	FETCH	54	04000000	USR
147	PHASE	1	execute	2	USR
148	PHASE	2	memory	1	USR
149	PHASE	3	writeback	0	USR
150	FETCH	55	10000000	USR
151	PHASE	1	execute	1	USR
152	PHASE	2	writeback	0	USR
153	FETCH	56	05000000	USR
154	PHASE	1	execute	2	USR
155	PHASE	2	memory	1	USR
156	PHASE	3	writeback	0	USR
157	FETCH	57	01000006	USR
158	PHASE	1	writeback	0	USR
159	FETCH	58	04000000	USR
160	PHASE	1	execute	2	USR
161	PHASE	2	memory	1	USR
162	PHASE	3	writeback	0	USR
163	FETCH	59	03000000	USR
164	PHASE	1	writeback	0	USR
165	FETCH	60	01000004	USR
166	PHASE	1	writeback	0	USR
167	FETCH	61	04000000	USR
168	PHASE	1	execute	2	USR
169	PHASE	2	memory	1	USR
170	PHASE	3	writeback	0	USR
171	FETCH	62	01000030	USR
172	PHASE	1	writeback	0	USR
173	FETCH	63	10000000	USR
174	PHASE	1	execute	1	USR
175	PHASE	2	writeback	0	USR
176	FETCH	64	02000000	USR
177	PHASE	1	writeback	0	USR
178	FETCH	65	31000001	USR
179	PHASE	1	execute	1	USR
180	PHASE	2	writeback	0	USR
181	FETCH	66	03000000	USR
182	PHASE	1	writeback	0	USR
183	FETCH	67	01000020	USR
184	PHASE	1	writeback	0	USR
185	FETCH	68	02000000	USR
186	PHASE	1	writeback	0	USR
187	FETCH	69	31000001	USR
188	PHASE	1	execute	1	USR
189	PHASE	2	writeback	0	USR
190	FETCH	70	03000000	USR
191	PHASE	1	writeback	0	USR
192	FETCH	71	01000006	USR
193	PHASE	1	writeback	0	USR
194	FETCH	72	04000000	USR
195	PHASE	1	execute	2	USR
196	PHASE	2	memory	1	USR
197	PHASE	3	writeback	0	USR
198	FETCH	73	01000030	USR
199	PHASE	1	writeback	0	USR
200	FETCH	74	10000000	USR
201	PHASE	1	execute	1	USR
202	PHASE	2	writeback	0	USR
203	FETCH	75	02000000	USR
204	PHASE	1	writeback	0	USR
205	FETCH	76	31000001	USR
206	PHASE	1	execute	1	USR
207	PHASE	2	writeback	0	USR
208	FETCH	77	03000000	USR
209	PHASE	1	writeback	0	USR
210	FETCH	78	0100000A	USR
211	PHASE	1	writeback	0	USR
212	FETCH	79	02000000	USR
213	PHASE	1	writeback	0	USR
214	FETCH	80	31000001	USR
215	PHASE	1	execute	1	USR
216	PHASE	2	writeback	0	USR
217	FETCH	81	32000000	USR
217	PHASE	1	writeback	0	USR
