1	FETCH	0	01000030	USR
2	PHASE	1	writeback	0	USR
3	FETCH	1	01000000	USR
4	PHASE	1	writeback	0	USR
5	FETCH	2	01000000	USR
6	PHASE	1	writeback	0	USR
7	FETCH	3	15000000	USR
8	PHASE	1	execute	1	USR
9	PHASE	2	writeback	0	USR
10	FETCH	4	10000000	USR
11	PHASE	1	execute	1	USR
12	PHASE	2	writeback	0	USR
13	FETCH	5	02000000	USR
14	PHASE	1	writeback	0	USR
15	FETCH	6	31000001	USR
16	PHASE	1	execute	1	USR
17	PHASE	2	writeback	0	USR
18	FETCH	7	03000000	USR
19	PHASE	1	writeback	0	USR
20	FETCH	8	01000030	USR
21	PHASE	1	writeback	0	USR
22	FETCH	9	01000000	USR
23	PHASE	1	writeback	0	USR
24	FETCH	10	01000002	USR
25	PHASE	1	writeback	0	USR
26	FETCH	11	15000000	USR
27	PHASE	1	execute	1	USR
28	PHASE	2	writeback	0	USR
29	FETCH	12	10000000	USR
30	PHASE	1	execute	1	USR
31	PHASE	2	writeback	0	USR
32	FETCH	13	02000000	USR
33	PHASE	1	writeback	0	USR
34	FETCH	14	31000001	USR
35	PHASE	1	execute	1	USR
36	PHASE	2	writeback	0	USR
37	FETCH	15	03000000	USR
38	PHASE	1	writeback	0	USR
39	FETCH	16	0100000A	USR
40	PHASE	1	writeback	0	USR
41	FETCH	17	02000000	USR
42	PHASE	1	writeback	0	USR
43	FETCH	18	31000001	USR
44	PHASE	1	execute	1	USR
45	PHASE	2	writeback	0	USR
46	FETCH	19	32000000	USR
46	PHASE	1	writeback	0	USR
