1	FETCH	0	200000A7	USR
2	PHASE	1	writeback	0	USR
3	FETCH	167	01000002	USR
4	PHASE	1	writeback	0	USR
5	FETCH	168	30000000	USR
6	PHASE	1	execute	1	USR
7	PHASE	2	writeback	0	USR
8	FETCH	169	05000000	USR
9	PHASE	1	execute	2	USR
10	PHASE	2	memory	1	USR
11	PHASE	3	writeback	0	USR
12	FETCH	170	01000002	USR
13	PHASE	1	writeback	0	USR
14	FETCH	171	04000000	USR
15	PHASE	1	execute	2	USR
16	PHASE	2	memory	1	USR
17	PHASE	3	writeback	0	USR
18	FETCH	172	03000000	USR
19	PHASE	1	writeback	0	USR
20	FETCH	173	01000005	USR
21	PHASE	1	writeback	0	USR
22	FETCH	174	01000000	USR
23	PHASE	1	writeback	0	USR
24	FETCH	175	05000000	USR
25	PHASE	1	execute	2	USR
26	PHASE	2	memory	1	USR
27	PHASE	3	writeback	0	USR
28	FETCH	176	22000071	USR
29	PHASE	1	execute	1	USR
30	PHASE	2	writeback	0	USR
31	FETCH	113	01000005	USR
32	PHASE	1	writeback	0	USR
33	FETCH	114	04000000	USR
34	PHASE	1	execute	2	USR
35	PHASE	2	memory	1	USR
36	PHASE	3	writeback	0	USR
37	FETCH	115	01000002	USR
38	PHASE	1	writeback	0	USR
39	FETCH	116	04000000	USR
40	PHASE	1	execute	2	USR
41	PHASE	2	memory	1	USR
42	PHASE	3	writeback	0	USR
43	FETCH	117	16000000	USR
44	PHASE	1	execute	1	USR
45	PHASE	2	writeback	0	USR
46	FETCH	118	21000089	USR
47	PHASE	1	execute	2	USR
48	PHASE	2	branch	1	USR
49	PHASE	3	writeback	0	USR
50	FETCH	119	01000080	USR
51	PHASE	1	writeback	0	USR
52	FETCH	120	01000005	USR
53	PHASE	1	writeback	0	USR
54	FETCH	121	04000000	USR
55	PHASE	1	execute	2	USR
56	PHASE	2	memory	1	USR
57	PHASE	3	writeback	0	USR
58	FETCH	122	10000000	USR
59	PHASE	1	execute	1	USR
60	PHASE	2	writeback	0	USR
61	FETCH	123	30000000	USR
62	PHASE	1	execute	1	USR
63	PHASE	2	writeback	0	USR
64	FETCH	124	05000000	USR
65	PHASE	1	execute	2	USR
66	PHASE	2	memory	1	USR
67	PHASE	3	writeback	0	USR
68	FETCH	125	01000000	USR
69	PHASE	1	writeback	0	USR
70	FETCH	126	03000000	USR
71	PHASE	1	writeback	0	USR
72	FETCH	127	01000005	USR
73	PHASE	1	writeback	0	USR
74	FETCH	128	01000005	USR
75	PHASE	1	writeback	0	USR
76	FETCH	129	04000000	USR
77	PHASE	1	execute	2	USR
78	PHASE	2	memory	1	USR
79	PHASE	3	writeback	0	USR
80	FETCH	130	01000001	USR
81	PHASE	1	writeback	0	USR
82	FETCH	131	10000000	USR
83	PHASE	1	execute	1	USR
84	PHASE	2	writeback	0	USR
85	FETCH	132	05000000	USR
86	PHASE	1	execute	2	USR
87	PHASE	2	memory	1	USR
88	PHASE	3	writeback	0	USR
89	FETCH	133	22000071	USR
90	PHASE	1	execute	1	USR
91	PHASE	2	writeback	0	USR
92	FETCH	113	01000005	USR
93	PHASE	1	writeback	0	USR
94	FETCH	114	04000000	USR
95	PHASE	1	execute	2	USR
96	PHASE	2	memory	1	USR
97	PHASE	3	writeback	0	USR
98	FETCH	115	01000002	USR
99	PHASE	1	writeback	0	USR
100	FETCH	116	04000000	USR
101	PHASE	1	execute	2	USR
102	PHASE	2	memory	1	USR
103	PHASE	3	writeback	0	USR
104	FETCH	117	16000000	USR
105	PHASE	1	execute	1	USR
106	PHASE	2	writeback	0	USR
107	FETCH	118	21000089	USR
108	PHASE	1	execute	2	USR
109	PHASE	2	branch	1	USR
110	PHASE	3	writeback	0	USR
111	FETCH	119	01000080	USR
112	PHASE	1	writeback	0	USR
113	FETCH	120	01000005	USR
114	PHASE	1	writeback	0	USR
115	FETCH	121	04000000	USR
116	PHASE	1	execute	2	USR
117	PHASE	2	memory	1	USR
118	PHASE	3	writeback	0	USR
119	FETCH	122	10000000	USR
120	PHASE	1	execute	1	USR
121	PHASE	2	writeback	0	USR
122	FETCH	123	30000000	USR
123	PHASE	1	execute	1	USR
124	PHASE	2	writeback	0	USR
125	FETCH	124	05000000	USR
126	PHASE	1	execute	2	USR
127	PHASE	2	memory	1	USR
128	PHASE	3	writeback	0	USR
129	FETCH	125	01000000	USR
130	PHASE	1	writeback	0	USR
131	FETCH	126	03000000	USR
132	PHASE	1	writeback	0	USR
133	FETCH	127	01000005	USR
134	PHASE	1	writeback	0	USR
135	FETCH	128	01000005	USR
136	PHASE	1	writeback	0	USR
137	FETCH	129	04000000	USR
138	PHASE	1	execute	2	USR
139	PHASE	2	memory	1	USR
140	PHASE	3	writeback	0	USR
141	FETCH	130	01000001	USR
142	PHASE	1	writeback	0	USR
143	FETCH	131	10000000	USR
144	PHASE	1	execute	1	USR
145	PHASE	2	writeback	0	USR
146	FETCH	132	05000000	USR
147	PHASE	1	execute	2	USR
148	PHASE	2	memory	1	USR
149	PHASE	3	writeback	0	USR
150	FETCH	133	22000071	USR
151	PHASE	1	execute	1	USR
152	PHASE	2	writeback	0	USR
153	FETCH	113	01000005	USR
154	PHASE	1	writeback	0	USR
155	FETCH	114	04000000	USR
156	PHASE	1	execute	2	USR
157	PHASE	2	memory	1	USR
158	PHASE	3	writeback	0	USR
159	FETCH	115	01000002	USR
160	PHASE	1	writeback	0	USR
161	FETCH	116	04000000	USR
162	PHASE	1	execute	2	USR
163	PHASE	2	memory	1	USR
164	PHASE	3	writeback	0	USR
165	FETCH	117	16000000	USR
166	PHASE	1	execute	1	USR
167	PHASE	2	writeback	0	USR
168	FETCH	118	21000089	USR
169	PHASE	1	execute	2	USR
170	PHASE	2	branch	1	USR
171	PHASE	3	writeback	0	USR
172	FETCH	119	01000080	USR
173	PHASE	1	writeback	0	USR
174	FETCH	120	01000005	USR
175	PHASE	1	writeback	0	USR
176	FETCH	121	04000000	USR
177	PHASE	1	execute	2	USR
178	PHASE	2	memory	1	USR
179	PHASE	3	writeback	0	USR
180	FETCH	122	10000000	USR
181	PHASE	1	execute	1	USR
182	PHASE	2	writeback	0	USR
183	FETCH	123	30000000	USR
184	PHASE	1	execute	1	USR
185	PHASE	2	writeback	0	USR
186	FETCH	124	05000000	USR
187	PHASE	1	execute	2	USR
188	PHASE	2	memory	1	USR
189	PHASE	3	writeback	0	USR
190	FETCH	125	01000000	USR
191	PHASE	1	writeback	0	USR
192	FETCH	126	03000000	USR
193	PHASE	1	writeback	0	USR
194	FETCH	127	01000005	USR
195	PHASE	1	writeback	0	USR
196	FETCH	128	01000005	USR
197	PHASE	1	writeback	0	USR
198	FETCH	129	04000000	USR
199	PHASE	1	execute	2	USR
200	PHASE	2	memory	1	USR
201	PHASE	3	writeback	0	USR
202	FETCH	130	01000001	USR
203	PHASE	1	writeback	0	USR
204	FETCH	131	10000000	USR
205	PHASE	1	execute	1	USR
206	PHASE	2	writeback	0	USR
207	FETCH	132	05000000	USR
208	PHASE	1	execute	2	USR
209	PHASE	2	memory	1	USR
210	PHASE	3	writeback	0	USR
211	FETCH	133	22000071	USR
212	PHASE	1	execute	1	USR
213	PHASE	2	writeback	0	USR
214	FETCH	113	01000005	USR
215	PHASE	1	writeback	0	USR
216	FETCH	114	04000000	USR
217	PHASE	1	execute	2	USR
218	PHASE	2	memory	1	USR
219	PHASE	3	writeback	0	USR
220	FETCH	115	01000002	USR
221	PHASE	1	writeback	0	USR
222	FETCH	116	04000000	USR
223	PHASE	1	execute	2	USR
224	PHASE	2	memory	1	USR
225	PHASE	3	writeback	0	USR
226	FETCH	117	16000000	USR
227	PHASE	1	execute	1	USR
228	PHASE	2	writeback	0	USR
229	FETCH	118	21000089	USR
230	PHASE	1	execute	2	USR
231	PHASE	2	branch	1	USR
232	PHASE	3	writeback	0	USR
233	FETCH	119	01000080	USR
234	PHASE	1	writeback	0	USR
235	FETCH	120	01000005	USR
236	PHASE	1	writeback	0	USR
237	FETCH	121	04000000	USR
238	PHASE	1	execute	2	USR
239	PHASE	2	memory	1	USR
240	PHASE	3	writeback	0	USR
241	FETCH	122	10000000	USR
242	PHASE	1	execute	1	USR
243	PHASE	2	writeback	0	USR
244	FETCH	123	30000000	USR
245	PHASE	1	execute	1	USR
246	PHASE	2	writeback	0	USR
247	FETCH	124	05000000	USR
248	PHASE	1	execute	2	USR
249	PHASE	2	memory	1	USR
250	PHASE	3	writeback	0	USR
251	FETCH	125	01000000	USR
252	PHASE	1	writeback	0	USR
253	FETCH	126	03000000	USR
254	PHASE	1	writeback	0	USR
255	FETCH	127	01000005	USR
256	PHASE	1	writeback	0	USR
257	FETCH	128	01000005	USR
258	PHASE	1	writeback	0	USR
259	FETCH	129	04000000	USR
260	PHASE	1	execute	2	USR
261	PHASE	2	memory	1	USR
262	PHASE	3	writeback	0	USR
263	FETCH	130	01000001	USR
264	PHASE	1	writeback	0	USR
265	FETCH	131	10000000	USR
266	PHASE	1	execute	1	USR
267	PHASE	2	writeback	0	USR
268	FETCH	132	05000000	USR
269	PHASE	1	execute	2	USR
270	PHASE	2	memory	1	USR
271	PHASE	3	writeback	0	USR
272	FETCH	133	22000071	USR
273	PHASE	1	execute	1	USR
274	PHASE	2	writeback	0	USR
275	FETCH	113	01000005	USR
276	PHASE	1	writeback	0	USR
277	FETCH	114	04000000	USR
278	PHASE	1	execute	2	USR
279	PHASE	2	memory	1	USR
280	PHASE	3	writeback	0	USR
281	FETCH	115	01000002	USR
282	PHASE	1	writeback	0	USR
283	FETCH	116	04000000	USR
284	PHASE	1	execute	2	USR
285	PHASE	2	memory	1	USR
286	PHASE	3	writeback	0	USR
287	FETCH	117	16000000	USR
288	PHASE	1	execute	1	USR
289	PHASE	2	writeback	0	USR
290	FETCH	118	21000089	USR
291	PHASE	1	execute	2	USR
292	PHASE	2	branch	1	USR
293	PHASE	3	writeback	0	USR
294	FETCH	137	01000000	USR
295	PHASE	1	writeback	0	USR
296	FETCH	138	06000000	USR
297	PHASE	1	writeback	0	USR
298	FETCH	139	23000000	USR
299	PHASE	1	execute	1	USR
300	PHASE	2	writeback	0	USR
301	FETCH	134	03000000	USR
302	PHASE	1	writeback	0	USR
303	FETCH	135	01000000	USR
304	PHASE	1	writeback	0	USR
305	FETCH	136	2000008A	USR
306	PHASE	1	writeback	0	USR
307	FETCH	138	06000000	USR
308	PHASE	1	writeback	0	USR
309	FETCH	139	23000000	USR
310	PHASE	1	execute	1	USR
311	PHASE	2	writeback	0	USR
312	FETCH	134	03000000	USR
313	PHASE	1	writeback	0	USR
314	FETCH	135	01000000	USR
315	PHASE	1	writeback	0	USR
316	FETCH	136	2000008A	USR
317	PHASE	1	writeback	0	USR
318	FETCH	138	06000000	USR
319	PHASE	1	writeback	0	USR
320	FETCH	139	23000000	USR
321	PHASE	1	execute	1	USR
322	PHASE	2	writeback	0	USR
323	FETCH	134	03000000	USR
324	PHASE	1	writeback	0	USR
325	FETCH	135	01000000	USR
326	PHASE	1	writeback	0	USR
327	FETCH	136	2000008A	USR
328	PHASE	1	writeback	0	USR
329	FETCH	138	06000000	USR
330	PHASE	1	writeback	0	USR
331	FETCH	139	23000000	USR
332	PHASE	1	execute	1	USR
333	PHASE	2	writeback	0	USR
334	FETCH	134	03000000	USR
335	PHASE	1	writeback	0	USR
336	FETCH	135	01000000	USR
337	PHASE	1	writeback	0	USR
338	FETCH	136	2000008A	USR
339	PHASE	1	writeback	0	USR
340	FETCH	138	06000000	USR
341	PHASE	1	writeback	0	USR
342	FETCH	139	23000000	USR
343	PHASE	1	execute	1	USR
344	PHASE	2	writeback	0	USR
345	FETCH	177	03000000	USR
346	PHASE	1	writeback	0	USR
347	FETCH	178	01000001	USR
348	PHASE	1	writeback	0	USR
349	FETCH	179	01000002	USR
350	PHASE	1	writeback	0	USR
351	FETCH	180	04000000	USR
352	PHASE	1	execute	2	USR
353	PHASE	2	memory	1	USR
354	PHASE	3	writeback	0	USR
355	FETCH	181	16000000	USR
356	PHASE	1	execute	1	USR
357	PHASE	2	writeback	0	USR
358	FETCH	182	210000BB	USR
359	PHASE	1	execute	2	USR
360	PHASE	2	branch	1	USR
361	PHASE	3	writeback	0	USR
362	FETCH	183	22000058	USR
363	PHASE	1	execute	1	USR
364	PHASE	2	writeback	0	USR
365	FETCH	88	01000001	USR
366	PHASE	1	writeback	0	USR
367	FETCH	89	01000000	USR
368	PHASE	1	writeback	0	USR
369	FETCH	90	05000000	USR
370	PHASE	1	execute	2	USR
371	PHASE	2	memory	1	USR
372	PHASE	3	writeback	0	USR
373	FETCH	91	01000001	USR
374	PHASE	1	writeback	0	USR
375	FETCH	92	04000000	USR
376	PHASE	1	execute	2	USR
377	PHASE	2	memory	1	USR
378	PHASE	3	writeback	0	USR
379	FETCH	93	03000000	USR
380	PHASE	1	writeback	0	USR
381	FETCH	94	01000004	USR
382	PHASE	1	writeback	0	USR
383	FETCH	95	01000000	USR
384	PHASE	1	writeback	0	USR
385	FETCH	96	05000000	USR
386	PHASE	1	execute	2	USR
387	PHASE	2	memory	1	USR
388	PHASE	3	writeback	0	USR
389	FETCH	97	2200003D	USR
390	PHASE	1	execute	1	USR
391	PHASE	2	writeback	0	USR
392	FETCH	61	01000004	USR
393	PHASE	1	writeback	0	USR
394	FETCH	62	04000000	USR
395	PHASE	1	execute	2	USR
396	PHASE	2	memory	1	USR
397	PHASE	3	writeback	0	USR
398	FETCH	63	01000001	USR
399	PHASE	1	writeback	0	USR
400	FETCH	64	10000000	USR
401	PHASE	1	execute	1	USR
402	PHASE	2	writeback	0	USR
403	FETCH	65	01000002	USR
404	PHASE	1	writeback	0	USR
405	FETCH	66	04000000	USR
406	PHASE	1	execute	2	USR
407	PHASE	2	memory	1	USR
408	PHASE	3	writeback	0	USR
409	FETCH	67	16000000	USR
410	PHASE	1	execute	1	USR
411	PHASE	2	writeback	0	USR
412	FETCH	68	21000055	USR
413	PHASE	1	execute	2	USR
414	PHASE	2	branch	1	USR
415	PHASE	3	writeback	0	USR
416	FETCH	69	01000003	USR
417	PHASE	1	writeback	0	USR
418	FETCH	70	01000004	USR
419	PHASE	1	writeback	0	USR
420	FETCH	71	04000000	USR
421	PHASE	1	execute	2	USR
422	PHASE	2	memory	1	USR
423	PHASE	3	writeback	0	USR
424	FETCH	72	05000000	USR
425	PHASE	1	execute	2	USR
426	PHASE	2	memory	1	USR
427	PHASE	3	writeback	0	USR
428	FETCH	73	22000001	USR
429	PHASE	1	execute	1	USR
430	PHASE	2	writeback	0	USR
431	FETCH	1	01000080	USR
432	PHASE	1	writeback	0	USR
433	FETCH	2	01000003	USR
434	PHASE	1	writeback	0	USR
435	FETCH	3	04000000	USR
436	PHASE	1	execute	2	USR
437	PHASE	2	memory	1	USR
438	PHASE	3	writeback	0	USR
439	FETCH	4	01000001	USR
440	PHASE	1	writeback	0	USR
441	FETCH	5	10000000	USR
442	PHASE	1	execute	1	USR
443	PHASE	2	writeback	0	USR
444	FETCH	6	10000000	USR
445	PHASE	1	execute	1	USR
446	PHASE	2	writeback	0	USR
447	FETCH	7	04000000	USR
448	PHASE	1	execute	2	USR
449	PHASE	2	memory	1	USR
450	PHASE	3	writeback	0	USR
451	FETCH	8	01000080	USR
452	PHASE	1	writeback	0	USR
453	FETCH	9	01000003	USR
454	PHASE	1	writeback	0	USR
455	FETCH	10	04000000	USR
456	PHASE	1	execute	2	USR
457	PHASE	2	memory	1	USR
458	PHASE	3	writeback	0	USR
459	FETCH	11	10000000	USR
460	PHASE	1	execute	1	USR
461	PHASE	2	writeback	0	USR
462	FETCH	12	04000000	USR
463	PHASE	1	execute	2	USR
464	PHASE	2	memory	1	USR
465	PHASE	3	writeback	0	USR
466	FETCH	13	16000000	USR
467	PHASE	1	execute	1	USR
468	PHASE	2	writeback	0	USR
469	FETCH	14	2100003A	USR
470	PHASE	1	execute	2	USR
471	PHASE	2	branch	1	USR
472	PHASE	3	writeback	0	USR
473	FETCH	15	01000000	USR
474	PHASE	1	writeback	0	USR
475	FETCH	16	01000080	USR
476	PHASE	1	writeback	0	USR
477	FETCH	17	01000003	USR
478	PHASE	1	writeback	0	USR
479	FETCH	18	04000000	USR
480	PHASE	1	execute	2	USR
481	PHASE	2	memory	1	USR
482	PHASE	3	writeback	0	USR
483	FETCH	19	10000000	USR
484	PHASE	1	execute	1	USR
485	PHASE	2	writeback	0	USR
486	FETCH	20	04000000	USR
487	PHASE	1	execute	2	USR
488	PHASE	2	memory	1	USR
489	PHASE	3	writeback	0	USR
490	FETCH	21	05000000	USR
491	PHASE	1	execute	2	USR
492	PHASE	2	memory	1	USR
493	PHASE	3	writeback	0	USR
494	FETCH	22	01000000	USR
495	PHASE	1	writeback	0	USR
496	FETCH	23	04000000	USR
497	PHASE	1	execute	2	USR
498	PHASE	2	memory	1	USR
499	PHASE	3	writeback	0	USR
500	FETCH	24	03000000	USR
501	PHASE	1	writeback	0	USR
502	FETCH	25	01000080	USR
503	PHASE	1	writeback	0	USR
504	FETCH	26	01000003	USR
505	PHASE	1	writeback	0	USR
506	FETCH	27	04000000	USR
507	PHASE	1	execute	2	USR
508	PHASE	2	memory	1	USR
509	PHASE	3	writeback	0	USR
510	FETCH	28	10000000	USR
511	PHASE	1	execute	1	USR
512	PHASE	2	writeback	0	USR
513	FETCH	29	01000080	USR
514	PHASE	1	writeback	0	USR
515	FETCH	30	01000003	USR
516	PHASE	1	writeback	0	USR
517	FETCH	31	04000000	USR
518	PHASE	1	execute	2	USR
519	PHASE	2	memory	1	USR
520	PHASE	3	writeback	0	USR
521	FETCH	32	01000001	USR
522	PHASE	1	writeback	0	USR
523	FETCH	33	10000000	USR
524	PHASE	1	execute	1	USR
525	PHASE	2	writeback	0	USR
526	FETCH	34	10000000	USR
527	PHASE	1	execute	1	USR
528	PHASE	2	writeback	0	USR
529	FETCH	35	04000000	USR
530	PHASE	1	execute	2	USR
531	PHASE	2	memory	1	USR
532	PHASE	3	writeback	0	USR
533	FETCH	36	05000000	USR
534	PHASE	1	execute	2	USR
535	PHASE	2	memory	1	USR
536	PHASE	3	writeback	0	USR
537	FETCH	37	01000000	USR
538	PHASE	1	writeback	0	USR
539	FETCH	38	03000000	USR
540	PHASE	1	writeback	0	USR
541	FETCH	39	01000080	USR
542	PHASE	1	writeback	0	USR
543	FETCH	40	01000003	USR
544	PHASE	1	writeback	0	USR
545	FETCH	41	04000000	USR
546	PHASE	1	execute	2	USR
547	PHASE	2	memory	1	USR
548	PHASE	3	writeback	0	USR
549	FETCH	42	01000001	USR
550	PHASE	1	writeback	0	USR
551	FETCH	43	10000000	USR
552	PHASE	1	execute	1	USR
553	PHASE	2	writeback	0	USR
554	FETCH	44	10000000	USR
555	PHASE	1	execute	1	USR
556	PHASE	2	writeback	0	USR
557	FETCH	45	01000000	USR
558	PHASE	1	writeback	0	USR
559	FETCH	46	04000000	USR
560	PHASE	1	execute	2	USR
561	PHASE	2	memory	1	USR
562	PHASE	3	writeback	0	USR
563	FETCH	47	05000000	USR
564	PHASE	1	execute	2	USR
565	PHASE	2	memory	1	USR
566	PHASE	3	writeback	0	USR
567	FETCH	48	01000000	USR
568	PHASE	1	writeback	0	USR
569	FETCH	49	03000000	USR
570	PHASE	1	writeback	0	USR
571	FETCH	50	01000001	USR
572	PHASE	1	writeback	0	USR
573	FETCH	51	01000001	USR
574	PHASE	1	writeback	0	USR
575	FETCH	52	05000000	USR
576	PHASE	1	execute	2	USR
577	PHASE	2	memory	1	USR
578	PHASE	3	writeback	0	USR
579	FETCH	53	01000001	USR
580	PHASE	1	writeback	0	USR
581	FETCH	54	04000000	USR
582	PHASE	1	execute	2	USR
583	PHASE	2	memory	1	USR
584	PHASE	3	writeback	0	USR
585	FETCH	55	03000000	USR
586	PHASE	1	writeback	0	USR
587	FETCH	56	01000000	USR
588	PHASE	1	writeback	0	USR
589	FETCH	57	2000003B	USR
590	PHASE	1	writeback	0	USR
591	FETCH	59	06000000	USR
592	PHASE	1	writeback	0	USR
593	FETCH	60	23000000	USR
594	PHASE	1	execute	1	USR
595	PHASE	2	writeback	0	USR
596	FETCH	74	03000000	USR
597	PHASE	1	writeback	0	USR
598	FETCH	75	01000004	USR
599	PHASE	1	writeback	0	USR
600	FETCH	76	01000004	USR
601	PHASE	1	writeback	0	USR
602	FETCH	77	04000000	USR
603	PHASE	1	execute	2	USR
604	PHASE	2	memory	1	USR
605	PHASE	3	writeback	0	USR
606	FETCH	78	01000001	USR
607	PHASE	1	writeback	0	USR
608	FETCH	79	10000000	USR
609	PHASE	1	execute	1	USR
610	PHASE	2	writeback	0	USR
611	FETCH	80	05000000	USR
612	PHASE	1	execute	2	USR
613	PHASE	2	memory	1	USR
614	PHASE	3	writeback	0	USR
615	FETCH	81	2200003D	USR
616	PHASE	1	execute	1	USR
617	PHASE	2	writeback	0	USR
618	FETCH	61	01000004	USR
619	PHASE	1	writeback	0	USR
620	FETCH	62	04000000	USR
621	PHASE	1	execute	2	USR
622	PHASE	2	memory	1	USR
623	PHASE	3	writeback	0	USR
624	FETCH	63	01000001	USR
625	PHASE	1	writeback	0	USR
626	FETCH	64	10000000	USR
627	PHASE	1	execute	1	USR
628	PHASE	2	writeback	0	USR
629	FETCH	65	01000002	USR
630	PHASE	1	writeback	0	USR
631	FETCH	66	04000000	USR
632	PHASE	1	execute	2	USR
633	PHASE	2	memory	1	USR
634	PHASE	3	writeback	0	USR
635	FETCH	67	16000000	USR
636	PHASE	1	execute	1	USR
637	PHASE	2	writeback	0	USR
638	FETCH	68	21000055	USR
639	PHASE	1	execute	2	USR
640	PHASE	2	branch	1	USR
641	PHASE	3	writeback	0	USR
642	FETCH	69	01000003	USR
643	PHASE	1	writeback	0	USR
644	FETCH	70	01000004	USR
645	PHASE	1	writeback	0	USR
646	FETCH	71	04000000	USR
647	PHASE	1	execute	2	USR
648	PHASE	2	memory	1	USR
649	PHASE	3	writeback	0	USR
650	FETCH	72	05000000	USR
651	PHASE	1	execute	2	USR
652	PHASE	2	memory	1	USR
653	PHASE	3	writeback	0	USR
654	FETCH	73	22000001	USR
655	PHASE	1	execute	1	USR
656	PHASE	2	writeback	0	USR
657	FETCH	1	01000080	USR
658	PHASE	1	writeback	0	USR
659	FETCH	2	01000003	USR
660	PHASE	1	writeback	0	USR
661	FETCH	3	04000000	USR
662	PHASE	1	execute	2	USR
663	PHASE	2	memory	1	USR
664	PHASE	3	writeback	0	USR
665	FETCH	4	01000001	USR
666	PHASE	1	writeback	0	USR
667	FETCH	5	10000000	USR
668	PHASE	1	execute	1	USR
669	PHASE	2	writeback	0	USR
670	FETCH	6	10000000	USR
671	PHASE	1	execute	1	USR
672	PHASE	2	writeback	0	USR
673	FETCH	7	04000000	USR
674	PHASE	1	execute	2	USR
675	PHASE	2	memory	1	USR
676	PHASE	3	writeback	0	USR
677	FETCH	8	01000080	USR
678	PHASE	1	writeback	0	USR
679	FETCH	9	01000003	USR
680	PHASE	1	writeback	0	USR
681	FETCH	10	04000000	USR
682	PHASE	1	execute	2	USR
683	PHASE	2	memory	1	USR
684	PHASE	3	writeback	0	USR
685	FETCH	11	10000000	USR
686	PHASE	1	execute	1	USR
687	PHASE	2	writeback	0	USR
688	FETCH	12	04000000	USR
689	PHASE	1	execute	2	USR
690	PHASE	2	memory	1	USR
691	PHASE	3	writeback	0	USR
692	FETCH	13	16000000	USR
693	PHASE	1	execute	1	USR
694	PHASE	2	writeback	0	USR
695	FETCH	14	2100003A	USR
696	PHASE	1	execute	2	USR
697	PHASE	2	branch	1	USR
698	PHASE	3	writeback	0	USR
699	FETCH	58	01000000	USR
700	PHASE	1	writeback	0	USR
701	FETCH	59	06000000	USR
702	PHASE	1	writeback	0	USR
703	FETCH	60	23000000	USR
704	PHASE	1	execute	1	USR
705	PHASE	2	writeback	0	USR
706	FETCH	74	03000000	USR
707	PHASE	1	writeback	0	USR
708	FETCH	75	01000004	USR
709	PHASE	1	writeback	0	USR
710	FETCH	76	01000004	USR
711	PHASE	1	writeback	0	USR
712	FETCH	77	04000000	USR
713	PHASE	1	execute	2	USR
714	PHASE	2	memory	1	USR
715	PHASE	3	writeback	0	USR
716	FETCH	78	01000001	USR
717	PHASE	1	writeback	0	USR
718	FETCH	79	10000000	USR
719	PHASE	1	execute	1	USR
720	PHASE	2	writeback	0	USR
721	FETCH	80	05000000	USR
722	PHASE	1	execute	2	USR
723	PHASE	2	memory	1	USR
724	PHASE	3	writeback	0	USR
725	FETCH	81	2200003D	USR
726	PHASE	1	execute	1	USR
727	PHASE	2	writeback	0	USR
728	FETCH	61	01000004	USR
729	PHASE	1	writeback	0	USR
730	FETCH	62	04000000	USR
731	PHASE	1	execute	2	USR
732	PHASE	2	memory	1	USR
733	PHASE	3	writeback	0	USR
734	FETCH	63	01000001	USR
735	PHASE	1	writeback	0	USR
736	FETCH	64	10000000	USR
737	PHASE	1	execute	1	USR
738	PHASE	2	writeback	0	USR
739	FETCH	65	01000002	USR
740	PHASE	1	writeback	0	USR
741	FETCH	66	04000000	USR
742	PHASE	1	execute	2	USR
743	PHASE	2	memory	1	USR
744	PHASE	3	writeback	0	USR
745	FETCH	67	16000000	USR
746	PHASE	1	execute	1	USR
747	PHASE	2	writeback	0	USR
748	FETCH	68	21000055	USR
749	PHASE	1	execute	2	USR
750	PHASE	2	branch	1	USR
751	PHASE	3	writeback	0	USR
752	FETCH	69	01000003	USR
753	PHASE	1	writeback	0	USR
754	FETCH	70	01000004	USR
755	PHASE	1	writeback	0	USR
756	FETCH	71	04000000	USR
757	PHASE	1	execute	2	USR
758	PHASE	2	memory	1	USR
759	PHASE	3	writeback	0	USR
760	FETCH	72	05000000	USR
761	PHASE	1	execute	2	USR
762	PHASE	2	memory	1	USR
763	PHASE	3	writeback	0	USR
764	FETCH	73	22000001	USR
765	PHASE	1	execute	1	USR
766	PHASE	2	writeback	0	USR
767	FETCH	1	01000080	USR
768	PHASE	1	writeback	0	USR
769	FETCH	2	01000003	USR
770	PHASE	1	writeback	0	USR
771	FETCH	3	04000000	USR
772	PHASE	1	execute	2	USR
773	PHASE	2	memory	1	USR
774	PHASE	3	writeback	0	USR
775	FETCH	4	01000001	USR
776	PHASE	1	writeback	0	USR
777	FETCH	5	10000000	USR
778	PHASE	1	execute	1	USR
779	PHASE	2	writeback	0	USR
780	FETCH	6	10000000	USR
781	PHASE	1	execute	1	USR
782	PHASE	2	writeback	0	USR
783	FETCH	7	04000000	USR
784	PHASE	1	execute	2	USR
785	PHASE	2	memory	1	USR
786	PHASE	3	writeback	0	USR
787	FETCH	8	01000080	USR
788	PHASE	1	writeback	0	USR
789	FETCH	9	01000003	USR
790	PHASE	1	writeback	0	USR
791	FETCH	10	04000000	USR
792	PHASE	1	execute	2	USR
793	PHASE	2	memory	1	USR
794	PHASE	3	writeback	0	USR
795	FETCH	11	10000000	USR
796	PHASE	1	execute	1	USR
797	PHASE	2	writeback	0	USR
798	FETCH	12	04000000	USR
799	PHASE	1	execute	2	USR
800	PHASE	2	memory	1	USR
801	PHASE	3	writeback	0	USR
802	FETCH	13	16000000	USR
803	PHASE	1	execute	1	USR
804	PHASE	2	writeback	0	USR
805	FETCH	14	2100003A	USR
806	PHASE	1	execute	2	USR
807	PHASE	2	branch	1	USR
808	PHASE	3	writeback	0	USR
809	FETCH	15	01000000	USR
810	PHASE	1	writeback	0	USR
811	FETCH	16	01000080	USR
812	PHASE	1	writeback	0	USR
813	FETCH	17	01000003	USR
814	PHASE	1	writeback	0	USR
815	FETCH	18	04000000	USR
816	PHASE	1	execute	2	USR
817	PHASE	2	memory	1	USR
818	PHASE	3	writeback	0	USR
819	FETCH	19	10000000	USR
820	PHASE	1	execute	1	USR
821	PHASE	2	writeback	0	USR
822	FETCH	20	04000000	USR
823	PHASE	1	execute	2	USR
824	PHASE	2	memory	1	USR
825	PHASE	3	writeback	0	USR
826	FETCH	21	05000000	USR
827	PHASE	1	execute	2	USR
828	PHASE	2	memory	1	USR
829	PHASE	3	writeback	0	USR
830	FETCH	22	01000000	USR
831	PHASE	1	writeback	0	USR
832	FETCH	23	04000000	USR
833	PHASE	1	execute	2	USR
834	PHASE	2	memory	1	USR
835	PHASE	3	writeback	0	USR
836	FETCH	24	03000000	USR
837	PHASE	1	writeback	0	USR
838	FETCH	25	01000080	USR
839	PHASE	1	writeback	0	USR
840	FETCH	26	01000003	USR
841	PHASE	1	writeback	0	USR
842	FETCH	27	04000000	USR
843	PHASE	1	execute	2	USR
844	PHASE	2	memory	1	USR
845	PHASE	3	writeback	0	USR
846	FETCH	28	10000000	USR
847	PHASE	1	execute	1	USR
848	PHASE	2	writeback	0	USR
849	FETCH	29	01000080	USR
850	PHASE	1	writeback	0	USR
851	FETCH	30	01000003	USR
852	PHASE	1	writeback	0	USR
853	FETCH	31	04000000	USR
854	PHASE	1	execute	2	USR
855	PHASE	2	memory	1	USR
856	PHASE	3	writeback	0	USR
857	FETCH	32	01000001	USR
858	PHASE	1	writeback	0	USR
859	FETCH	33	10000000	USR
860	PHASE	1	execute	1	USR
861	PHASE	2	writeback	0	USR
862	FETCH	34	10000000	USR
863	PHASE	1	execute	1	USR
864	PHASE	2	writeback	0	USR
865	FETCH	35	04000000	USR
866	PHASE	1	execute	2	USR
867	PHASE	2	memory	1	USR
868	PHASE	3	writeback	0	USR
869	FETCH	36	05000000	USR
870	PHASE	1	execute	2	USR
871	PHASE	2	memory	1	USR
872	PHASE	3	writeback	0	USR
873	FETCH	37	01000000	USR
874	PHASE	1	writeback	0	USR
875	FETCH	38	03000000	USR
876	PHASE	1	writeback	0	USR
877	FETCH	39	01000080	USR
878	PHASE	1	writeback	0	USR
879	FETCH	40	01000003	USR
880	PHASE	1	writeback	0	USR
881	FETCH	41	04000000	USR
882	PHASE	1	execute	2	USR
883	PHASE	2	memory	1	USR
884	PHASE	3	writeback	0	USR
885	FETCH	42	01000001	USR
886	PHASE	1	writeback	0	USR
887	FETCH	43	10000000	USR
888	PHASE	1	execute	1	USR
889	PHASE	2	writeback	0	USR
890	FETCH	44	10000000	USR
891	PHASE	1	execute	1	USR
892	PHASE	2	writeback	0	USR
893	FETCH	45	01000000	USR
894	PHASE	1	writeback	0	USR
895	FETCH	46	04000000	USR
896	PHASE	1	execute	2	USR
897	PHASE	2	memory	1	USR
898	PHASE	3	writeback	0	USR
899	FETCH	47	05000000	USR
900	PHASE	1	execute	2	USR
901	PHASE	2	memory	1	USR
902	PHASE	3	writeback	0	USR
903	FETCH	48	01000000	USR
904	PHASE	1	writeback	0	USR
905	FETCH	49	03000000	USR
906	PHASE	1	writeback	0	USR
907	FETCH	50	01000001	USR
908	PHASE	1	writeback	0	USR
909	FETCH	51	01000001	USR
910	PHASE	1	writeback	0	USR
911	FETCH	52	05000000	USR
912	PHASE	1	execute	2	USR
913	PHASE	2	memory	1	USR
914	PHASE	3	writeback	0	USR
915	FETCH	53	01000001	USR
916	PHASE	1	writeback	0	USR
917	FETCH	54	04000000	USR
918	PHASE	1	execute	2	USR
919	PHASE	2	memory	1	USR
920	PHASE	3	writeback	0	USR
921	FETCH	55	03000000	USR
922	PHASE	1	writeback	0	USR
923	FETCH	56	01000000	USR
924	PHASE	1	writeback	0	USR
925	FETCH	57	2000003B	USR
926	PHASE	1	writeback	0	USR
927	FETCH	59	06000000	USR
928	PHASE	1	writeback	0	USR
929	FETCH	60	23000000	USR
930	PHASE	1	execute	1	USR
931	PHASE	2	writeback	0	USR
932	FETCH	74	03000000	USR
933	PHASE	1	writeback	0	USR
934	FETCH	75	01000004	USR
935	PHASE	1	writeback	0	USR
936	FETCH	76	01000004	USR
937	PHASE	1	writeback	0	USR
938	FETCH	77	04000000	USR
939	PHASE	1	execute	2	USR
940	PHASE	2	memory	1	USR
941	PHASE	3	writeback	0	USR
942	FETCH	78	01000001	USR
943	PHASE	1	writeback	0	USR
944	FETCH	79	10000000	USR
945	PHASE	1	execute	1	USR
946	PHASE	2	writeback	0	USR
947	FETCH	80	05000000	USR
948	PHASE	1	execute	2	USR
949	PHASE	2	memory	1	USR
950	PHASE	3	writeback	0	USR
951	FETCH	81	2200003D	USR
952	PHASE	1	execute	1	USR
953	PHASE	2	writeback	0	USR
954	FETCH	61	01000004	USR
955	PHASE	1	writeback	0	USR
956	FETCH	62	04000000	USR
957	PHASE	1	execute	2	USR
958	PHASE	2	memory	1	USR
959	PHASE	3	writeback	0	USR
960	FETCH	63	01000001	USR
961	PHASE	1	writeback	0	USR
962	FETCH	64	10000000	USR
963	PHASE	1	execute	1	USR
964	PHASE	2	writeback	0	USR
965	FETCH	65	01000002	USR
966	PHASE	1	writeback	0	USR
967	FETCH	66	04000000	USR
968	PHASE	1	execute	2	USR
969	PHASE	2	memory	1	USR
970	PHASE	3	writeback	0	USR
971	FETCH	67	16000000	USR
972	PHASE	1	execute	1	USR
973	PHASE	2	writeback	0	USR
974	FETCH	68	21000055	USR
975	PHASE	1	execute	2	USR
976	PHASE	2	branch	1	USR
977	PHASE	3	writeback	0	USR
978	FETCH	85	01000000	USR
979	PHASE	1	writeback	0	USR
980	FETCH	86	06000000	USR
981	PHASE	1	writeback	0	USR
982	FETCH	87	23000000	USR
983	PHASE	1	execute	1	USR
984	PHASE	2	writeback	0	USR
985	FETCH	82	03000000	USR
986	PHASE	1	writeback	0	USR
987	FETCH	83	01000000	USR
988	PHASE	1	writeback	0	USR
989	FETCH	84	20000056	USR
990	PHASE	1	writeback	0	USR
991	FETCH	86	06000000	USR
992	PHASE	1	writeback	0	USR
993	FETCH	87	23000000	USR
994	PHASE	1	execute	1	USR
995	PHASE	2	writeback	0	USR
996	FETCH	82	03000000	USR
997	PHASE	1	writeback	0	USR
998	FETCH	83	01000000	USR
999	PHASE	1	writeback	0	USR
1000	FETCH	84	20000056	USR
1001	PHASE	1	writeback	0	USR
1002	FETCH	86	06000000	USR
1003	PHASE	1	writeback	0	USR
1004	FETCH	87	23000000	USR
1005	PHASE	1	execute	1	USR
1006	PHASE	2	writeback	0	USR
1007	FETCH	82	03000000	USR
1008	PHASE	1	writeback	0	USR
1009	FETCH	83	01000000	USR
1010	PHASE	1	writeback	0	USR
1011	FETCH	84	20000056	USR
1012	PHASE	1	writeback	0	USR
1013	FETCH	86	06000000	USR
1014	PHASE	1	writeback	0	USR
1015	FETCH	87	23000000	USR
1016	PHASE	1	execute	1	USR
1017	PHASE	2	writeback	0	USR
1018	FETCH	98	03000000	USR
1019	PHASE	1	writeback	0	USR
1020	FETCH	99	01000001	USR
1021	PHASE	1	writeback	0	USR
1022	FETCH	100	04000000	USR
1023	PHASE	1	execute	2	USR
1024	PHASE	2	memory	1	USR
1025	PHASE	3	writeback	0	USR
1026	FETCH	101	01000001	USR
1027	PHASE	1	writeback	0	USR
1028	FETCH	102	15000000	USR
1029	PHASE	1	execute	1	USR
1030	PHASE	2	writeback	0	USR
1031	FETCH	103	2100006C	USR
1032	PHASE	1	execute	2	USR
1033	PHASE	2	branch	1	USR
1034	PHASE	3	writeback	0	USR
1035	FETCH	104	22000058	USR
1036	PHASE	1	execute	1	USR
1037	PHASE	2	writeback	0	USR
1038	FETCH	88	01000001	USR
1039	PHASE	1	writeback	0	USR
1040	FETCH	89	01000000	USR
1041	PHASE	1	writeback	0	USR
1042	FETCH	90	05000000	USR
1043	PHASE	1	execute	2	USR
1044	PHASE	2	memory	1	USR
1045	PHASE	3	writeback	0	USR
1046	FETCH	91	01000001	USR
1047	PHASE	1	writeback	0	USR
1048	FETCH	92	04000000	USR
1049	PHASE	1	execute	2	USR
1050	PHASE	2	memory	1	USR
1051	PHASE	3	writeback	0	USR
1052	FETCH	93	03000000	USR
1053	PHASE	1	writeback	0	USR
1054	FETCH	94	01000004	USR
1055	PHASE	1	writeback	0	USR
1056	FETCH	95	01000000	USR
1057	PHASE	1	writeback	0	USR
1058	FETCH	96	05000000	USR
1059	PHASE	1	execute	2	USR
1060	PHASE	2	memory	1	USR
1061	PHASE	3	writeback	0	USR
1062	FETCH	97	2200003D	USR
1063	PHASE	1	execute	1	USR
1064	PHASE	2	writeback	0	USR
1065	FETCH	61	01000004	USR
1066	PHASE	1	writeback	0	USR
1067	FETCH	62	04000000	USR
1068	PHASE	1	execute	2	USR
1069	PHASE	2	memory	1	USR
1070	PHASE	3	writeback	0	USR
1071	FETCH	63	01000001	USR
1072	PHASE	1	writeback	0	USR
1073	FETCH	64	10000000	USR
1074	PHASE	1	execute	1	USR
1075	PHASE	2	writeback	0	USR
1076	FETCH	65	01000002	USR
1077	PHASE	1	writeback	0	USR
1078	FETCH	66	04000000	USR
1079	PHASE	1	execute	2	USR
1080	PHASE	2	memory	1	USR
1081	PHASE	3	writeback	0	USR
1082	FETCH	67	16000000	USR
1083	PHASE	1	execute	1	USR
1084	PHASE	2	writeback	0	USR
1085	FETCH	68	21000055	USR
1086	PHASE	1	execute	2	USR
1087	PHASE	2	branch	1	USR
1088	PHASE	3	writeback	0	USR
1089	FETCH	69	01000003	USR
1090	PHASE	1	writeback	0	USR
1091	FETCH	70	01000004	USR
1092	PHASE	1	writeback	0	USR
1093	FETCH	71	04000000	USR
1094	PHASE	1	execute	2	USR
1095	PHASE	2	memory	1	USR
1096	PHASE	3	writeback	0	USR
1097	FETCH	72	05000000	USR
1098	PHASE	1	execute	2	USR
1099	PHASE	2	memory	1	USR
1100	PHASE	3	writeback	0	USR
1101	FETCH	73	22000001	USR
1102	PHASE	1	execute	1	USR
1103	PHASE	2	writeback	0	USR
1104	FETCH	1	01000080	USR
1105	PHASE	1	writeback	0	USR
1106	FETCH	2	01000003	USR
1107	PHASE	1	writeback	0	USR
1108	FETCH	3	04000000	USR
1109	PHASE	1	execute	2	USR
1110	PHASE	2	memory	1	USR
1111	PHASE	3	writeback	0	USR
1112	FETCH	4	01000001	USR
1113	PHASE	1	writeback	0	USR
1114	FETCH	5	10000000	USR
1115	PHASE	1	execute	1	USR
1116	PHASE	2	writeback	0	USR
1117	FETCH	6	10000000	USR
1118	PHASE	1	execute	1	USR
1119	PHASE	2	writeback	0	USR
1120	FETCH	7	04000000	USR
1121	PHASE	1	execute	2	USR
1122	PHASE	2	memory	1	USR
1123	PHASE	3	writeback	0	USR
1124	FETCH	8	01000080	USR
1125	PHASE	1	writeback	0	USR
1126	FETCH	9	01000003	USR
1127	PHASE	1	writeback	0	USR
1128	FETCH	10	04000000	USR
1129	PHASE	1	execute	2	USR
1130	PHASE	2	memory	1	USR
1131	PHASE	3	writeback	0	USR
1132	FETCH	11	10000000	USR
1133	PHASE	1	execute	1	USR
1134	PHASE	2	writeback	0	USR
1135	FETCH	12	04000000	USR
1136	PHASE	1	execute	2	USR
1137	PHASE	2	memory	1	USR
1138	PHASE	3	writeback	0	USR
1139	FETCH	13	16000000	USR
1140	PHASE	1	execute	1	USR
1141	PHASE	2	writeback	0	USR
1142	FETCH	14	2100003A	USR
1143	PHASE	1	execute	2	USR
1144	PHASE	2	branch	1	USR
1145	PHASE	3	writeback	0	USR
1146	FETCH	58	01000000	USR
1147	PHASE	1	writeback	0	USR
1148	FETCH	59	06000000	USR
1149	PHASE	1	writeback	0	USR
1150	FETCH	60	23000000	USR
1151	PHASE	1	execute	1	USR
1152	PHASE	2	writeback	0	USR
1153	FETCH	74	03000000	USR
1154	PHASE	1	writeback	0	USR
1155	FETCH	75	01000004	USR
1156	PHASE	1	writeback	0	USR
1157	FETCH	76	01000004	USR
1158	PHASE	1	writeback	0	USR
1159	FETCH	77	04000000	USR
1160	PHASE	1	execute	2	USR
1161	PHASE	2	memory	1	USR
1162	PHASE	3	writeback	0	USR
1163	FETCH	78	01000001	USR
1164	PHASE	1	writeback	0	USR
1165	FETCH	79	10000000	USR
1166	PHASE	1	execute	1	USR
1167	PHASE	2	writeback	0	USR
1168	FETCH	80	05000000	USR
1169	PHASE	1	execute	2	USR
1170	PHASE	2	memory	1	USR
1171	PHASE	3	writeback	0	USR
1172	FETCH	81	2200003D	USR
1173	PHASE	1	execute	1	USR
1174	PHASE	2	writeback	0	USR
1175	FETCH	61	01000004	USR
1176	PHASE	1	writeback	0	USR
1177	FETCH	62	04000000	USR
1178	PHASE	1	execute	2	USR
1179	PHASE	2	memory	1	USR
1180	PHASE	3	writeback	0	USR
1181	FETCH	63	01000001	USR
1182	PHASE	1	writeback	0	USR
1183	FETCH	64	10000000	USR
1184	PHASE	1	execute	1	USR
1185	PHASE	2	writeback	0	USR
1186	FETCH	65	01000002	USR
1187	PHASE	1	writeback	0	USR
1188	FETCH	66	04000000	USR
1189	PHASE	1	execute	2	USR
1190	PHASE	2	memory	1	USR
1191	PHASE	3	writeback	0	USR
1192	FETCH	67	16000000	USR
1193	PHASE	1	execute	1	USR
1194	PHASE	2	writeback	0	USR
1195	FETCH	68	21000055	USR
1196	PHASE	1	execute	2	USR
1197	PHASE	2	branch	1	USR
1198	PHASE	3	writeback	0	USR
1199	FETCH	69	01000003	USR
1200	PHASE	1	writeback	0	USR
1201	FETCH	70	01000004	USR
1202	PHASE	1	writeback	0	USR
1203	FETCH	71	04000000	USR
1204	PHASE	1	execute	2	USR
1205	PHASE	2	memory	1	USR
1206	PHASE	3	writeback	0	USR
1207	FETCH	72	05000000	USR
1208	PHASE	1	execute	2	USR
1209	PHASE	2	memory	1	USR
1210	PHASE	3	writeback	0	USR
1211	FETCH	73	22000001	USR
1212	PHASE	1	execute	1	USR
1213	PHASE	2	writeback	0	USR
1214	FETCH	1	01000080	USR
1215	PHASE	1	writeback	0	USR
1216	FETCH	2	01000003	USR
1217	PHASE	1	writeback	0	USR
1218	FETCH	3	04000000	USR
1219	PHASE	1	execute	2	USR
1220	PHASE	2	memory	1	USR
1221	PHASE	3	writeback	0	USR
1222	FETCH	4	01000001	USR
1223	PHASE	1	writeback	0	USR
1224	FETCH	5	10000000	USR
1225	PHASE	1	execute	1	USR
1226	PHASE	2	writeback	0	USR
1227	FETCH	6	10000000	USR
1228	PHASE	1	execute	1	USR
1229	PHASE	2	writeback	0	USR
1230	FETCH	7	04000000	USR
1231	PHASE	1	execute	2	USR
1232	PHASE	2	memory	1	USR
1233	PHASE	3	writeback	0	USR
1234	FETCH	8	01000080	USR
1235	PHASE	1	writeback	0	USR
1236	FETCH	9	01000003	USR
1237	PHASE	1	writeback	0	USR
1238	FETCH	10	04000000	USR
1239	PHASE	1	execute	2	USR
1240	PHASE	2	memory	1	USR
1241	PHASE	3	writeback	0	USR
1242	FETCH	11	10000000	USR
1243	PHASE	1	execute	1	USR
1244	PHASE	2	writeback	0	USR
1245	FETCH	12	04000000	USR
1246	PHASE	1	execute	2	USR
1247	PHASE	2	memory	1	USR
1248	PHASE	3	writeback	0	USR
1249	FETCH	13	16000000	USR
1250	PHASE	1	execute	1	USR
1251	PHASE	2	writeback	0	USR
1252	FETCH	14	2100003A	USR
1253	PHASE	1	execute	2	USR
1254	PHASE	2	branch	1	USR
1255	PHASE	3	writeback	0	USR
1256	FETCH	15	01000000	USR
1257	PHASE	1	writeback	0	USR
1258	FETCH	16	01000080	USR
1259	PHASE	1	writeback	0	USR
1260	FETCH	17	01000003	USR
1261	PHASE	1	writeback	0	USR
1262	FETCH	18	04000000	USR
1263	PHASE	1	execute	2	USR
1264	PHASE	2	memory	1	USR
1265	PHASE	3	writeback	0	USR
1266	FETCH	19	10000000	USR
1267	PHASE	1	execute	1	USR
1268	PHASE	2	writeback	0	USR
1269	FETCH	20	04000000	USR
1270	PHASE	1	execute	2	USR
1271	PHASE	2	memory	1	USR
1272	PHASE	3	writeback	0	USR
1273	FETCH	21	05000000	USR
1274	PHASE	1	execute	2	USR
1275	PHASE	2	memory	1	USR
1276	PHASE	3	writeback	0	USR
1277	FETCH	22	01000000	USR
1278	PHASE	1	writeback	0	USR
1279	FETCH	23	04000000	USR
1280	PHASE	1	execute	2	USR
1281	PHASE	2	memory	1	USR
1282	PHASE	3	writeback	0	USR
1283	FETCH	24	03000000	USR
1284	PHASE	1	writeback	0	USR
1285	FETCH	25	01000080	USR
1286	PHASE	1	writeback	0	USR
1287	FETCH	26	01000003	USR
1288	PHASE	1	writeback	0	USR
1289	FETCH	27	04000000	USR
1290	PHASE	1	execute	2	USR
1291	PHASE	2	memory	1	USR
1292	PHASE	3	writeback	0	USR
1293	FETCH	28	10000000	USR
1294	PHASE	1	execute	1	USR
1295	PHASE	2	writeback	0	USR
1296	FETCH	29	01000080	USR
1297	PHASE	1	writeback	0	USR
1298	FETCH	30	01000003	USR
1299	PHASE	1	writeback	0	USR
1300	FETCH	31	04000000	USR
1301	PHASE	1	execute	2	USR
1302	PHASE	2	memory	1	USR
1303	PHASE	3	writeback	0	USR
1304	FETCH	32	01000001	USR
1305	PHASE	1	writeback	0	USR
1306	FETCH	33	10000000	USR
1307	PHASE	1	execute	1	USR
1308	PHASE	2	writeback	0	USR
1309	FETCH	34	10000000	USR
1310	PHASE	1	execute	1	USR
1311	PHASE	2	writeback	0	USR
1312	FETCH	35	04000000	USR
1313	PHASE	1	execute	2	USR
1314	PHASE	2	memory	1	USR
1315	PHASE	3	writeback	0	USR
1316	FETCH	36	05000000	USR
1317	PHASE	1	execute	2	USR
1318	PHASE	2	memory	1	USR
1319	PHASE	3	writeback	0	USR
1320	FETCH	37	01000000	USR
1321	PHASE	1	writeback	0	USR
1322	FETCH	38	03000000	USR
1323	PHASE	1	writeback	0	USR
1324	FETCH	39	01000080	USR
1325	PHASE	1	writeback	0	USR
1326	FETCH	40	01000003	USR
1327	PHASE	1	writeback	0	USR
1328	FETCH	41	04000000	USR
1329	PHASE	1	execute	2	USR
1330	PHASE	2	memory	1	USR
1331	PHASE	3	writeback	0	USR
1332	FETCH	42	01000001	USR
1333	PHASE	1	writeback	0	USR
1334	FETCH	43	10000000	USR
1335	PHASE	1	execute	1	USR
1336	PHASE	2	writeback	0	USR
1337	FETCH	44	10000000	USR
1338	PHASE	1	execute	1	USR
1339	PHASE	2	writeback	0	USR
1340	FETCH	45	01000000	USR
1341	PHASE	1	writeback	0	USR
1342	FETCH	46	04000000	USR
1343	PHASE	1	execute	2	USR
1344	PHASE	2	memory	1	USR
1345	PHASE	3	writeback	0	USR
1346	FETCH	47	05000000	USR
1347	PHASE	1	execute	2	USR
1348	PHASE	2	memory	1	USR
1349	PHASE	3	writeback	0	USR
1350	FETCH	48	01000000	USR
1351	PHASE	1	writeback	0	USR
1352	FETCH	49	03000000	USR
1353	PHASE	1	writeback	0	USR
1354	FETCH	50	01000001	USR
1355	PHASE	1	writeback	0	USR
1356	FETCH	51	01000001	USR
1357	PHASE	1	writeback	0	USR
1358	FETCH	52	05000000	USR
1359	PHASE	1	execute	2	USR
1360	PHASE	2	memory	1	USR
1361	PHASE	3	writeback	0	USR
1362	FETCH	53	01000001	USR
1363	PHASE	1	writeback	0	USR
1364	FETCH	54	04000000	USR
1365	PHASE	1	execute	2	USR
1366	PHASE	2	memory	1	USR
1367	PHASE	3	writeback	0	USR
1368	FETCH	55	03000000	USR
1369	PHASE	1	writeback	0	USR
1370	FETCH	56	01000000	USR
1371	PHASE	1	writeback	0	USR
1372	FETCH	57	2000003B	USR
1373	PHASE	1	writeback	0	USR
1374	FETCH	59	06000000	USR
1375	PHASE	1	writeback	0	USR
1376	FETCH	60	23000000	USR
1377	PHASE	1	execute	1	USR
1378	PHASE	2	writeback	0	USR
1379	FETCH	74	03000000	USR
1380	PHASE	1	writeback	0	USR
1381	FETCH	75	01000004	USR
1382	PHASE	1	writeback	0	USR
1383	FETCH	76	01000004	USR
1384	PHASE	1	writeback	0	USR
1385	FETCH	77	04000000	USR
1386	PHASE	1	execute	2	USR
1387	PHASE	2	memory	1	USR
1388	PHASE	3	writeback	0	USR
1389	FETCH	78	01000001	USR
1390	PHASE	1	writeback	0	USR
1391	FETCH	79	10000000	USR
1392	PHASE	1	execute	1	USR
1393	PHASE	2	writeback	0	USR
1394	FETCH	80	05000000	USR
1395	PHASE	1	execute	2	USR
1396	PHASE	2	memory	1	USR
1397	PHASE	3	writeback	0	USR
1398	FETCH	81	2200003D	USR
1399	PHASE	1	execute	1	USR
1400	PHASE	2	writeback	0	USR
1401	FETCH	61	01000004	USR
1402	PHASE	1	writeback	0	USR
1403	FETCH	62	04000000	USR
1404	PHASE	1	execute	2	USR
1405	PHASE	2	memory	1	USR
1406	PHASE	3	writeback	0	USR
1407	FETCH	63	01000001	USR
1408	PHASE	1	writeback	0	USR
1409	FETCH	64	10000000	USR
1410	PHASE	1	execute	1	USR
1411	PHASE	2	writeback	0	USR
1412	FETCH	65	01000002	USR
1413	PHASE	1	writeback	0	USR
1414	FETCH	66	04000000	USR
1415	PHASE	1	execute	2	USR
1416	PHASE	2	memory	1	USR
1417	PHASE	3	writeback	0	USR
1418	FETCH	67	16000000	USR
1419	PHASE	1	execute	1	USR
1420	PHASE	2	writeback	0	USR
1421	FETCH	68	21000055	USR
1422	PHASE	1	execute	2	USR
1423	PHASE	2	branch	1	USR
1424	PHASE	3	writeback	0	USR
1425	FETCH	69	01000003	USR
1426	PHASE	1	writeback	0	USR
1427	FETCH	70	01000004	USR
1428	PHASE	1	writeback	0	USR
1429	FETCH	71	04000000	USR
1430	PHASE	1	execute	2	USR
1431	PHASE	2	memory	1	USR
1432	PHASE	3	writeback	0	USR
1433	FETCH	72	05000000	USR
1434	PHASE	1	execute	2	USR
1435	PHASE	2	memory	1	USR
1436	PHASE	3	writeback	0	USR
1437	FETCH	73	22000001	USR
1438	PHASE	1	execute	1	USR
1439	PHASE	2	writeback	0	USR
1440	FETCH	1	01000080	USR
1441	PHASE	1	writeback	0	USR
1442	FETCH	2	01000003	USR
1443	PHASE	1	writeback	0	USR
1444	FETCH	3	04000000	USR
1445	PHASE	1	execute	2	USR
1446	PHASE	2	memory	1	USR
1447	PHASE	3	writeback	0	USR
1448	FETCH	4	01000001	USR
1449	PHASE	1	writeback	0	USR
1450	FETCH	5	10000000	USR
1451	PHASE	1	execute	1	USR
1452	PHASE	2	writeback	0	USR
1453	FETCH	6	10000000	USR
1454	PHASE	1	execute	1	USR
1455	PHASE	2	writeback	0	USR
1456	FETCH	7	04000000	USR
1457	PHASE	1	execute	2	USR
1458	PHASE	2	memory	1	USR
1459	PHASE	3	writeback	0	USR
1460	FETCH	8	01000080	USR
1461	PHASE	1	writeback	0	USR
1462	FETCH	9	01000003	USR
1463	PHASE	1	writeback	0	USR
1464	FETCH	10	04000000	USR
1465	PHASE	1	execute	2	USR
1466	PHASE	2	memory	1	USR
1467	PHASE	3	writeback	0	USR
1468	FETCH	11	10000000	USR
1469	PHASE	1	execute	1	USR
1470	PHASE	2	writeback	0	USR
1471	FETCH	12	04000000	USR
1472	PHASE	1	execute	2	USR
1473	PHASE	2	memory	1	USR
1474	PHASE	3	writeback	0	USR
1475	FETCH	13	16000000	USR
1476	PHASE	1	execute	1	USR
1477	PHASE	2	writeback	0	USR
1478	FETCH	14	2100003A	USR
1479	PHASE	1	execute	2	USR
1480	PHASE	2	branch	1	USR
1481	PHASE	3	writeback	0	USR
1482	FETCH	58	01000000	USR
1483	PHASE	1	writeback	0	USR
1484	FETCH	59	06000000	USR
1485	PHASE	1	writeback	0	USR
1486	FETCH	60	23000000	USR
1487	PHASE	1	execute	1	USR
1488	PHASE	2	writeback	0	USR
1489	FETCH	74	03000000	USR
1490	PHASE	1	writeback	0	USR
1491	FETCH	75	01000004	USR
1492	PHASE	1	writeback	0	USR
1493	FETCH	76	01000004	USR
1494	PHASE	1	writeback	0	USR
1495	FETCH	77	04000000	USR
1496	PHASE	1	execute	2	USR
1497	PHASE	2	memory	1	USR
1498	PHASE	3	writeback	0	USR
1499	FETCH	78	01000001	USR
1500	PHASE	1	writeback	0	USR
1501	FETCH	79	10000000	USR
1502	PHASE	1	execute	1	USR
1503	PHASE	2	writeback	0	USR
1504	FETCH	80	05000000	USR
1505	PHASE	1	execute	2	USR
1506	PHASE	2	memory	1	USR
1507	PHASE	3	writeback	0	USR
1508	FETCH	81	2200003D	USR
1509	PHASE	1	execute	1	USR
1510	PHASE	2	writeback	0	USR
1511	FETCH	61	01000004	USR
1512	PHASE	1	writeback	0	USR
1513	FETCH	62	04000000	USR
1514	PHASE	1	execute	2	USR
1515	PHASE	2	memory	1	USR
1516	PHASE	3	writeback	0	USR
1517	FETCH	63	01000001	USR
1518	PHASE	1	writeback	0	USR
1519	FETCH	64	10000000	USR
1520	PHASE	1	execute	1	USR
1521	PHASE	2	writeback	0	USR
1522	FETCH	65	01000002	USR
1523	PHASE	1	writeback	0	USR
1524	FETCH	66	04000000	USR
1525	PHASE	1	execute	2	USR
1526	PHASE	2	memory	1	USR
1527	PHASE	3	writeback	0	USR
1528	FETCH	67	16000000	USR
1529	PHASE	1	execute	1	USR
1530	PHASE	2	writeback	0	USR
1531	FETCH	68	21000055	USR
1532	PHASE	1	execute	2	USR
1533	PHASE	2	branch	1	USR
1534	PHASE	3	writeback	0	USR
1535	FETCH	85	01000000	USR
1536	PHASE	1	writeback	0	USR
1537	FETCH	86	06000000	USR
1538	PHASE	1	writeback	0	USR
1539	FETCH	87	23000000	USR
1540	PHASE	1	execute	1	USR
1541	PHASE	2	writeback	0	USR
1542	FETCH	82	03000000	USR
1543	PHASE	1	writeback	0	USR
1544	FETCH	83	01000000	USR
1545	PHASE	1	writeback	0	USR
1546	FETCH	84	20000056	USR
1547	PHASE	1	writeback	0	USR
1548	FETCH	86	06000000	USR
1549	PHASE	1	writeback	0	USR
1550	FETCH	87	23000000	USR
1551	PHASE	1	execute	1	USR
1552	PHASE	2	writeback	0	USR
1553	FETCH	82	03000000	USR
1554	PHASE	1	writeback	0	USR
1555	FETCH	83	01000000	USR
1556	PHASE	1	writeback	0	USR
1557	FETCH	84	20000056	USR
1558	PHASE	1	writeback	0	USR
1559	FETCH	86	06000000	USR
1560	PHASE	1	writeback	0	USR
1561	FETCH	87	23000000	USR
1562	PHASE	1	execute	1	USR
1563	PHASE	2	writeback	0	USR
1564	FETCH	82	03000000	USR
1565	PHASE	1	writeback	0	USR
1566	FETCH	83	01000000	USR
1567	PHASE	1	writeback	0	USR
1568	FETCH	84	20000056	USR
1569	PHASE	1	writeback	0	USR
1570	FETCH	86	06000000	USR
1571	PHASE	1	writeback	0	USR
1572	FETCH	87	23000000	USR
1573	PHASE	1	execute	1	USR
1574	PHASE	2	writeback	0	USR
1575	FETCH	98	03000000	USR
1576	PHASE	1	writeback	0	USR
1577	FETCH	99	01000001	USR
1578	PHASE	1	writeback	0	USR
1579	FETCH	100	04000000	USR
1580	PHASE	1	execute	2	USR
1581	PHASE	2	memory	1	USR
1582	PHASE	3	writeback	0	USR
1583	FETCH	101	01000001	USR
1584	PHASE	1	writeback	0	USR
1585	FETCH	102	15000000	USR
1586	PHASE	1	execute	1	USR
1587	PHASE	2	writeback	0	USR
1588	FETCH	103	2100006C	USR
1589	PHASE	1	execute	2	USR
1590	PHASE	2	branch	1	USR
1591	PHASE	3	writeback	0	USR
1592	FETCH	104	22000058	USR
1593	PHASE	1	execute	1	USR
1594	PHASE	2	writeback	0	USR
1595	FETCH	88	01000001	USR
1596	PHASE	1	writeback	0	USR
1597	FETCH	89	01000000	USR
1598	PHASE	1	writeback	0	USR
1599	FETCH	90	05000000	USR
1600	PHASE	1	execute	2	USR
1601	PHASE	2	memory	1	USR
1602	PHASE	3	writeback	0	USR
1603	FETCH	91	01000001	USR
1604	PHASE	1	writeback	0	USR
1605	FETCH	92	04000000	USR
1606	PHASE	1	execute	2	USR
1607	PHASE	2	memory	1	USR
1608	PHASE	3	writeback	0	USR
1609	FETCH	93	03000000	USR
1610	PHASE	1	writeback	0	USR
1611	FETCH	94	01000004	USR
1612	PHASE	1	writeback	0	USR
1613	FETCH	95	01000000	USR
1614	PHASE	1	writeback	0	USR
1615	FETCH	96	05000000	USR
1616	PHASE	1	execute	2	USR
1617	PHASE	2	memory	1	USR
1618	PHASE	3	writeback	0	USR
1619	FETCH	97	2200003D	USR
1620	PHASE	1	execute	1	USR
1621	PHASE	2	writeback	0	USR
1622	FETCH	61	01000004	USR
1623	PHASE	1	writeback	0	USR
1624	FETCH	62	04000000	USR
1625	PHASE	1	execute	2	USR
1626	PHASE	2	memory	1	USR
1627	PHASE	3	writeback	0	USR
1628	FETCH	63	01000001	USR
1629	PHASE	1	writeback	0	USR
1630	FETCH	64	10000000	USR
1631	PHASE	1	execute	1	USR
1632	PHASE	2	writeback	0	USR
1633	FETCH	65	01000002	USR
1634	PHASE	1	writeback	0	USR
1635	FETCH	66	04000000	USR
1636	PHASE	1	execute	2	USR
1637	PHASE	2	memory	1	USR
1638	PHASE	3	writeback	0	USR
1639	FETCH	67	16000000	USR
1640	PHASE	1	execute	1	USR
1641	PHASE	2	writeback	0	USR
1642	FETCH	68	21000055	USR
1643	PHASE	1	execute	2	USR
1644	PHASE	2	branch	1	USR
1645	PHASE	3	writeback	0	USR
1646	FETCH	69	01000003	USR
1647	PHASE	1	writeback	0	USR
1648	FETCH	70	01000004	USR
1649	PHASE	1	writeback	0	USR
1650	FETCH	71	04000000	USR
1651	PHASE	1	execute	2	USR
1652	PHASE	2	memory	1	USR
1653	PHASE	3	writeback	0	USR
1654	FETCH	72	05000000	USR
1655	PHASE	1	execute	2	USR
1656	PHASE	2	memory	1	USR
1657	PHASE	3	writeback	0	USR
1658	FETCH	73	22000001	USR
1659	PHASE	1	execute	1	USR
1660	PHASE	2	writeback	0	USR
1661	FETCH	1	01000080	USR
1662	PHASE	1	writeback	0	USR
1663	FETCH	2	01000003	USR
1664	PHASE	1	writeback	0	USR
1665	FETCH	3	04000000	USR
1666	PHASE	1	execute	2	USR
1667	PHASE	2	memory	1	USR
1668	PHASE	3	writeback	0	USR
1669	FETCH	4	01000001	USR
1670	PHASE	1	writeback	0	USR
1671	FETCH	5	10000000	USR
1672	PHASE	1	execute	1	USR
1673	PHASE	2	writeback	0	USR
1674	FETCH	6	10000000	USR
1675	PHASE	1	execute	1	USR
1676	PHASE	2	writeback	0	USR
1677	FETCH	7	04000000	USR
1678	PHASE	1	execute	2	USR
1679	PHASE	2	memory	1	USR
1680	PHASE	3	writeback	0	USR
1681	FETCH	8	01000080	USR
1682	PHASE	1	writeback	0	USR
1683	FETCH	9	01000003	USR
1684	PHASE	1	writeback	0	USR
1685	FETCH	10	04000000	USR
1686	PHASE	1	execute	2	USR
1687	PHASE	2	memory	1	USR
1688	PHASE	3	writeback	0	USR
1689	FETCH	11	10000000	USR
1690	PHASE	1	execute	1	USR
1691	PHASE	2	writeback	0	USR
1692	FETCH	12	04000000	USR
1693	PHASE	1	execute	2	USR
1694	PHASE	2	memory	1	USR
1695	PHASE	3	writeback	0	USR
1696	FETCH	13	16000000	USR
1697	PHASE	1	execute	1	USR
1698	PHASE	2	writeback	0	USR
1699	FETCH	14	2100003A	USR
1700	PHASE	1	execute	2	USR
1701	PHASE	2	branch	1	USR
1702	PHASE	3	writeback	0	USR
1703	FETCH	15	01000000	USR
1704	PHASE	1	writeback	0	USR
1705	FETCH	16	01000080	USR
1706	PHASE	1	writeback	0	USR
1707	FETCH	17	01000003	USR
1708	PHASE	1	writeback	0	USR
1709	FETCH	18	04000000	USR
1710	PHASE	1	execute	2	USR
1711	PHASE	2	memory	1	USR
1712	PHASE	3	writeback	0	USR
1713	FETCH	19	10000000	USR
1714	PHASE	1	execute	1	USR
1715	PHASE	2	writeback	0	USR
1716	FETCH	20	04000000	USR
1717	PHASE	1	execute	2	USR
1718	PHASE	2	memory	1	USR
1719	PHASE	3	writeback	0	USR
1720	FETCH	21	05000000	USR
1721	PHASE	1	execute	2	USR
1722	PHASE	2	memory	1	USR
1723	PHASE	3	writeback	0	USR
1724	FETCH	22	01000000	USR
1725	PHASE	1	writeback	0	USR
1726	FETCH	23	04000000	USR
1727	PHASE	1	execute	2	USR
1728	PHASE	2	memory	1	USR
1729	PHASE	3	writeback	0	USR
1730	FETCH	24	03000000	USR
1731	PHASE	1	writeback	0	USR
1732	FETCH	25	01000080	USR
1733	PHASE	1	writeback	0	USR
1734	FETCH	26	01000003	USR
1735	PHASE	1	writeback	0	USR
1736	FETCH	27	04000000	USR
1737	PHASE	1	execute	2	USR
1738	PHASE	2	memory	1	USR
1739	PHASE	3	writeback	0	USR
1740	FETCH	28	10000000	USR
1741	PHASE	1	execute	1	USR
1742	PHASE	2	writeback	0	USR
1743	FETCH	29	01000080	USR
1744	PHASE	1	writeback	0	USR
1745	FETCH	30	01000003	USR
1746	PHASE	1	writeback	0	USR
1747	FETCH	31	04000000	USR
1748	PHASE	1	execute	2	USR
1749	PHASE	2	memory	1	USR
1750	PHASE	3	writeback	0	USR
1751	FETCH	32	01000001	USR
1752	PHASE	1	writeback	0	USR
1753	FETCH	33	10000000	USR
1754	PHASE	1	execute	1	USR
1755	PHASE	2	writeback	0	USR
1756	FETCH	34	10000000	USR
1757	PHASE	1	execute	1	USR
1758	PHASE	2	writeback	0	USR
1759	FETCH	35	04000000	USR
1760	PHASE	1	execute	2	USR
1761	PHASE	2	memory	1	USR
1762	PHASE	3	writeback	0	USR
1763	FETCH	36	05000000	USR
1764	PHASE	1	execute	2	USR
1765	PHASE	2	memory	1	USR
1766	PHASE	3	writeback	0	USR
1767	FETCH	37	01000000	USR
1768	PHASE	1	writeback	0	USR
1769	FETCH	38	03000000	USR
1770	PHASE	1	writeback	0	USR
1771	FETCH	39	01000080	USR
1772	PHASE	1	writeback	0	USR
1773	FETCH	40	01000003	USR
1774	PHASE	1	writeback	0	USR
1775	FETCH	41	04000000	USR
1776	PHASE	1	execute	2	USR
1777	PHASE	2	memory	1	USR
1778	PHASE	3	writeback	0	USR
1779	FETCH	42	01000001	USR
1780	PHASE	1	writeback	0	USR
1781	FETCH	43	10000000	USR
1782	PHASE	1	execute	1	USR
1783	PHASE	2	writeback	0	USR
1784	FETCH	44	10000000	USR
1785	PHASE	1	execute	1	USR
1786	PHASE	2	writeback	0	USR
1787	FETCH	45	01000000	USR
1788	PHASE	1	writeback	0	USR
1789	FETCH	46	04000000	USR
1790	PHASE	1	execute	2	USR
1791	PHASE	2	memory	1	USR
1792	PHASE	3	writeback	0	USR
1793	FETCH	47	05000000	USR
1794	PHASE	1	execute	2	USR
1795	PHASE	2	memory	1	USR
1796	PHASE	3	writeback	0	USR
1797	FETCH	48	01000000	USR
1798	PHASE	1	writeback	0	USR
1799	FETCH	49	03000000	USR
1800	PHASE	1	writeback	0	USR
1801	FETCH	50	01000001	USR
1802	PHASE	1	writeback	0	USR
1803	FETCH	51	01000001	USR
1804	PHASE	1	writeback	0	USR
1805	FETCH	52	05000000	USR
1806	PHASE	1	execute	2	USR
1807	PHASE	2	memory	1	USR
1808	PHASE	3	writeback	0	USR
1809	FETCH	53	01000001	USR
1810	PHASE	1	writeback	0	USR
1811	FETCH	54	04000000	USR
1812	PHASE	1	execute	2	USR
1813	PHASE	2	memory	1	USR
1814	PHASE	3	writeback	0	USR
1815	FETCH	55	03000000	USR
1816	PHASE	1	writeback	0	USR
1817	FETCH	56	01000000	USR
1818	PHASE	1	writeback	0	USR
1819	FETCH	57	2000003B	USR
1820	PHASE	1	writeback	0	USR
1821	FETCH	59	06000000	USR
1822	PHASE	1	writeback	0	USR
1823	FETCH	60	23000000	USR
1824	PHASE	1	execute	1	USR
1825	PHASE	2	writeback	0	USR
1826	FETCH	74	03000000	USR
1827	PHASE	1	writeback	0	USR
1828	FETCH	75	01000004	USR
1829	PHASE	1	writeback	0	USR
1830	FETCH	76	01000004	USR
1831	PHASE	1	writeback	0	USR
1832	FETCH	77	04000000	USR
1833	PHASE	1	execute	2	USR
1834	PHASE	2	memory	1	USR
1835	PHASE	3	writeback	0	USR
1836	FETCH	78	01000001	USR
1837	PHASE	1	writeback	0	USR
1838	FETCH	79	10000000	USR
1839	PHASE	1	execute	1	USR
1840	PHASE	2	writeback	0	USR
1841	FETCH	80	05000000	USR
1842	PHASE	1	execute	2	USR
1843	PHASE	2	memory	1	USR
1844	PHASE	3	writeback	0	USR
1845	FETCH	81	2200003D	USR
1846	PHASE	1	execute	1	USR
1847	PHASE	2	writeback	0	USR
1848	FETCH	61	01000004	USR
1849	PHASE	1	writeback	0	USR
1850	FETCH	62	04000000	USR
1851	PHASE	1	execute	2	USR
1852	PHASE	2	memory	1	USR
1853	PHASE	3	writeback	0	USR
1854	FETCH	63	01000001	USR
1855	PHASE	1	writeback	0	USR
1856	FETCH	64	10000000	USR
1857	PHASE	1	execute	1	USR
1858	PHASE	2	writeback	0	USR
1859	FETCH	65	01000002	USR
1860	PHASE	1	writeback	0	USR
1861	FETCH	66	04000000	USR
1862	PHASE	1	execute	2	USR
1863	PHASE	2	memory	1	USR
1864	PHASE	3	writeback	0	USR
1865	FETCH	67	16000000	USR
1866	PHASE	1	execute	1	USR
1867	PHASE	2	writeback	0	USR
1868	FETCH	68	21000055	USR
1869	PHASE	1	execute	2	USR
1870	PHASE	2	branch	1	USR
1871	PHASE	3	writeback	0	USR
1872	FETCH	69	01000003	USR
1873	PHASE	1	writeback	0	USR
1874	FETCH	70	01000004	USR
1875	PHASE	1	writeback	0	USR
1876	FETCH	71	04000000	USR
1877	PHASE	1	execute	2	USR
1878	PHASE	2	memory	1	USR
1879	PHASE	3	writeback	0	USR
1880	FETCH	72	05000000	USR
1881	PHASE	1	execute	2	USR
1882	PHASE	2	memory	1	USR
1883	PHASE	3	writeback	0	USR
1884	FETCH	73	22000001	USR
1885	PHASE	1	execute	1	USR
1886	PHASE	2	writeback	0	USR
1887	FETCH	1	01000080	USR
1888	PHASE	1	writeback	0	USR
1889	FETCH	2	01000003	USR
1890	PHASE	1	writeback	0	USR
1891	FETCH	3	04000000	USR
1892	PHASE	1	execute	2	USR
1893	PHASE	2	memory	1	USR
1894	PHASE	3	writeback	0	USR
1895	FETCH	4	01000001	USR
1896	PHASE	1	writeback	0	USR
1897	FETCH	5	10000000	USR
1898	PHASE	1	execute	1	USR
1899	PHASE	2	writeback	0	USR
1900	FETCH	6	10000000	USR
1901	PHASE	1	execute	1	USR
1902	PHASE	2	writeback	0	USR
1903	FETCH	7	04000000	USR
1904	PHASE	1	execute	2	USR
1905	PHASE	2	memory	1	USR
1906	PHASE	3	writeback	0	USR
1907	FETCH	8	01000080	USR
1908	PHASE	1	writeback	0	USR
1909	FETCH	9	01000003	USR
1910	PHASE	1	writeback	0	USR
1911	FETCH	10	04000000	USR
1912	PHASE	1	execute	2	USR
1913	PHASE	2	memory	1	USR
1914	PHASE	3	writeback	0	USR
1915	FETCH	11	10000000	USR
1916	PHASE	1	execute	1	USR
1917	PHASE	2	writeback	0	USR
1918	FETCH	12	04000000	USR
1919	PHASE	1	execute	2	USR
1920	PHASE	2	memory	1	USR
1921	PHASE	3	writeback	0	USR
1922	FETCH	13	16000000	USR
1923	PHASE	1	execute	1	USR
1924	PHASE	2	writeback	0	USR
1925	FETCH	14	2100003A	USR
1926	PHASE	1	execute	2	USR
1927	PHASE	2	branch	1	USR
1928	PHASE	3	writeback	0	USR
1929	FETCH	58	01000000	USR
1930	PHASE	1	writeback	0	USR
1931	FETCH	59	06000000	USR
1932	PHASE	1	writeback	0	USR
1933	FETCH	60	23000000	USR
1934	PHASE	1	execute	1	USR
1935	PHASE	2	writeback	0	USR
1936	FETCH	74	03000000	USR
1937	PHASE	1	writeback	0	USR
1938	FETCH	75	01000004	USR
1939	PHASE	1	writeback	0	USR
1940	FETCH	76	01000004	USR
1941	PHASE	1	writeback	0	USR
1942	FETCH	77	04000000	USR
1943	PHASE	1	execute	2	USR
1944	PHASE	2	memory	1	USR
1945	PHASE	3	writeback	0	USR
1946	FETCH	78	01000001	USR
1947	PHASE	1	writeback	0	USR
1948	FETCH	79	10000000	USR
1949	PHASE	1	execute	1	USR
1950	PHASE	2	writeback	0	USR
1951	FETCH	80	05000000	USR
1952	PHASE	1	execute	2	USR
1953	PHASE	2	memory	1	USR
1954	PHASE	3	writeback	0	USR
1955	FETCH	81	2200003D	USR
1956	PHASE	1	execute	1	USR
1957	PHASE	2	writeback	0	USR
1958	FETCH	61	01000004	USR
1959	PHASE	1	writeback	0	USR
1960	FETCH	62	04000000	USR
1961	PHASE	1	execute	2	USR
1962	PHASE	2	memory	1	USR
1963	PHASE	3	writeback	0	USR
1964	FETCH	63	01000001	USR
1965	PHASE	1	writeback	0	USR
1966	FETCH	64	10000000	USR
1967	PHASE	1	execute	1	USR
1968	PHASE	2	writeback	0	USR
1969	FETCH	65	01000002	USR
1970	PHASE	1	writeback	0	USR
1971	FETCH	66	04000000	USR
1972	PHASE	1	execute	2	USR
1973	PHASE	2	memory	1	USR
1974	PHASE	3	writeback	0	USR
1975	FETCH	67	16000000	USR
1976	PHASE	1	execute	1	USR
1977	PHASE	2	writeback	0	USR
1978	FETCH	68	21000055	USR
1979	PHASE	1	execute	2	USR
1980	PHASE	2	branch	1	USR
1981	PHASE	3	writeback	0	USR
1982	FETCH	69	01000003	USR
1983	PHASE	1	writeback	0	USR
1984	FETCH	70	01000004	USR
1985	PHASE	1	writeback	0	USR
1986	FETCH	71	04000000	USR
1987	PHASE	1	execute	2	USR
1988	PHASE	2	memory	1	USR
1989	PHASE	3	writeback	0	USR
1990	FETCH	72	05000000	USR
1991	PHASE	1	execute	2	USR
1992	PHASE	2	memory	1	USR
1993	PHASE	3	writeback	0	USR
1994	FETCH	73	22000001	USR
1995	PHASE	1	execute	1	USR
1996	PHASE	2	writeback	0	USR
1997	FETCH	1	01000080	USR
1998	PHASE	1	writeback	0	USR
1999	FETCH	2	01000003	USR
2000	PHASE	1	writeback	0	USR
2001	FETCH	3	04000000	USR
2002	PHASE	1	execute	2	USR
2003	PHASE	2	memory	1	USR
2004	PHASE	3	writeback	0	USR
2005	FETCH	4	01000001	USR
2006	PHASE	1	writeback	0	USR
2007	FETCH	5	10000000	USR
2008	PHASE	1	execute	1	USR
2009	PHASE	2	writeback	0	USR
2010	FETCH	6	10000000	USR
2011	PHASE	1	execute	1	USR
2012	PHASE	2	writeback	0	USR
2013	FETCH	7	04000000	USR
2014	PHASE	1	execute	2	USR
2015	PHASE	2	memory	1	USR
2016	PHASE	3	writeback	0	USR
2017	FETCH	8	01000080	USR
2018	PHASE	1	writeback	0	USR
2019	FETCH	9	01000003	USR
2020	PHASE	1	writeback	0	USR
2021	FETCH	10	04000000	USR
2022	PHASE	1	execute	2	USR
2023	PHASE	2	memory	1	USR
2024	PHASE	3	writeback	0	USR
2025	FETCH	11	10000000	USR
2026	PHASE	1	execute	1	USR
2027	PHASE	2	writeback	0	USR
2028	FETCH	12	04000000	USR
2029	PHASE	1	execute	2	USR
2030	PHASE	2	memory	1	USR
2031	PHASE	3	writeback	0	USR
2032	FETCH	13	16000000	USR
2033	PHASE	1	execute	1	USR
2034	PHASE	2	writeback	0	USR
2035	FETCH	14	2100003A	USR
2036	PHASE	1	execute	2	USR
2037	PHASE	2	branch	1	USR
2038	PHASE	3	writeback	0	USR
2039	FETCH	58	01000000	USR
2040	PHASE	1	writeback	0	USR
2041	FETCH	59	06000000	USR
2042	PHASE	1	writeback	0	USR
2043	FETCH	60	23000000	USR
2044	PHASE	1	execute	1	USR
2045	PHASE	2	writeback	0	USR
2046	FETCH	74	03000000	USR
2047	PHASE	1	writeback	0	USR
2048	FETCH	75	01000004	USR
2049	PHASE	1	writeback	0	USR
2050	FETCH	76	01000004	USR
2051	PHASE	1	writeback	0	USR
2052	FETCH	77	04000000	USR
2053	PHASE	1	execute	2	USR
2054	PHASE	2	memory	1	USR
2055	PHASE	3	writeback	0	USR
2056	FETCH	78	01000001	USR
2057	PHASE	1	writeback	0	USR
2058	FETCH	79	10000000	USR
2059	PHASE	1	execute	1	USR
2060	PHASE	2	writeback	0	USR
2061	FETCH	80	05000000	USR
2062	PHASE	1	execute	2	USR
2063	PHASE	2	memory	1	USR
2064	PHASE	3	writeback	0	USR
2065	FETCH	81	2200003D	USR
2066	PHASE	1	execute	1	USR
2067	PHASE	2	writeback	0	USR
2068	FETCH	61	01000004	USR
2069	PHASE	1	writeback	0	USR
2070	FETCH	62	04000000	USR
2071	PHASE	1	execute	2	USR
2072	PHASE	2	memory	1	USR
2073	PHASE	3	writeback	0	USR
2074	FETCH	63	01000001	USR
2075	PHASE	1	writeback	0	USR
2076	FETCH	64	10000000	USR
2077	PHASE	1	execute	1	USR
2078	PHASE	2	writeback	0	USR
2079	FETCH	65	01000002	USR
2080	PHASE	1	writeback	0	USR
2081	FETCH	66	04000000	USR
2082	PHASE	1	execute	2	USR
2083	PHASE	2	memory	1	USR
2084	PHASE	3	writeback	0	USR
2085	FETCH	67	16000000	USR
2086	PHASE	1	execute	1	USR
2087	PHASE	2	writeback	0	USR
2088	FETCH	68	21000055	USR
2089	PHASE	1	execute	2	USR
2090	PHASE	2	branch	1	USR
2091	PHASE	3	writeback	0	USR
2092	FETCH	85	01000000	USR
2093	PHASE	1	writeback	0	USR
2094	FETCH	86	06000000	USR
2095	PHASE	1	writeback	0	USR
2096	FETCH	87	23000000	USR
2097	PHASE	1	execute	1	USR
2098	PHASE	2	writeback	0	USR
2099	FETCH	82	03000000	USR
2100	PHASE	1	writeback	0	USR
2101	FETCH	83	01000000	USR
2102	PHASE	1	writeback	0	USR
2103	FETCH	84	20000056	USR
2104	PHASE	1	writeback	0	USR
2105	FETCH	86	06000000	USR
2106	PHASE	1	writeback	0	USR
2107	FETCH	87	23000000	USR
2108	PHASE	1	execute	1	USR
2109	PHASE	2	writeback	0	USR
2110	FETCH	82	03000000	USR
2111	PHASE	1	writeback	0	USR
2112	FETCH	83	01000000	USR
2113	PHASE	1	writeback	0	USR
2114	FETCH	84	20000056	USR
2115	PHASE	1	writeback	0	USR
2116	FETCH	86	06000000	USR
2117	PHASE	1	writeback	0	USR
2118	FETCH	87	23000000	USR
2119	PHASE	1	execute	1	USR
2120	PHASE	2	writeback	0	USR
2121	FETCH	82	03000000	USR
2122	PHASE	1	writeback	0	USR
2123	FETCH	83	01000000	USR
2124	PHASE	1	writeback	0	USR
2125	FETCH	84	20000056	USR
2126	PHASE	1	writeback	0	USR
2127	FETCH	86	06000000	USR
2128	PHASE	1	writeback	0	USR
2129	FETCH	87	23000000	USR
2130	PHASE	1	execute	1	USR
2131	PHASE	2	writeback	0	USR
2132	FETCH	98	03000000	USR
2133	PHASE	1	writeback	0	USR
2134	FETCH	99	01000001	USR
2135	PHASE	1	writeback	0	USR
2136	FETCH	100	04000000	USR
2137	PHASE	1	execute	2	USR
2138	PHASE	2	memory	1	USR
2139	PHASE	3	writeback	0	USR
2140	FETCH	101	01000001	USR
2141	PHASE	1	writeback	0	USR
2142	FETCH	102	15000000	USR
2143	PHASE	1	execute	1	USR
2144	PHASE	2	writeback	0	USR
2145	FETCH	103	2100006C	USR
2146	PHASE	1	execute	2	USR
2147	PHASE	2	branch	1	USR
2148	PHASE	3	writeback	0	USR
2149	FETCH	104	22000058	USR
2150	PHASE	1	execute	1	USR
2151	PHASE	2	writeback	0	USR
2152	FETCH	88	01000001	USR
2153	PHASE	1	writeback	0	USR
2154	FETCH	89	01000000	USR
2155	PHASE	1	writeback	0	USR
2156	FETCH	90	05000000	USR
2157	PHASE	1	execute	2	USR
2158	PHASE	2	memory	1	USR
2159	PHASE	3	writeback	0	USR
2160	FETCH	91	01000001	USR
2161	PHASE	1	writeback	0	USR
2162	FETCH	92	04000000	USR
2163	PHASE	1	execute	2	USR
2164	PHASE	2	memory	1	USR
2165	PHASE	3	writeback	0	USR
2166	FETCH	93	03000000	USR
2167	PHASE	1	writeback	0	USR
2168	FETCH	94	01000004	USR
2169	PHASE	1	writeback	0	USR
2170	FETCH	95	01000000	USR
2171	PHASE	1	writeback	0	USR
2172	FETCH	96	05000000	USR
2173	PHASE	1	execute	2	USR
2174	PHASE	2	memory	1	USR
2175	PHASE	3	writeback	0	USR
2176	FETCH	97	2200003D	USR
2177	PHASE	1	execute	1	USR
2178	PHASE	2	writeback	0	USR
2179	FETCH	61	01000004	USR
2180	PHASE	1	writeback	0	USR
2181	FETCH	62	04000000	USR
2182	PHASE	1	execute	2	USR
2183	PHASE	2	memory	1	USR
2184	PHASE	3	writeback	0	USR
2185	FETCH	63	01000001	USR
2186	PHASE	1	writeback	0	USR
2187	FETCH	64	10000000	USR
2188	PHASE	1	execute	1	USR
2189	PHASE	2	writeback	0	USR
2190	FETCH	65	01000002	USR
2191	PHASE	1	writeback	0	USR
2192	FETCH	66	04000000	USR
2193	PHASE	1	execute	2	USR
2194	PHASE	2	memory	1	USR
2195	PHASE	3	writeback	0	USR
2196	FETCH	67	16000000	USR
2197	PHASE	1	execute	1	USR
2198	PHASE	2	writeback	0	USR
2199	FETCH	68	21000055	USR
2200	PHASE	1	execute	2	USR
2201	PHASE	2	branch	1	USR
2202	PHASE	3	writeback	0	USR
2203	FETCH	69	01000003	USR
2204	PHASE	1	writeback	0	USR
2205	FETCH	70	01000004	USR
2206	PHASE	1	writeback	0	USR
2207	FETCH	71	04000000	USR
2208	PHASE	1	execute	2	USR
2209	PHASE	2	memory	1	USR
2210	PHASE	3	writeback	0	USR
2211	FETCH	72	05000000	USR
2212	PHASE	1	execute	2	USR
2213	PHASE	2	memory	1	USR
2214	PHASE	3	writeback	0	USR
2215	FETCH	73	22000001	USR
2216	PHASE	1	execute	1	USR
2217	PHASE	2	writeback	0	USR
2218	FETCH	1	01000080	USR
2219	PHASE	1	writeback	0	USR
2220	FETCH	2	01000003	USR
2221	PHASE	1	writeback	0	USR
2222	FETCH	3	04000000	USR
2223	PHASE	1	execute	2	USR
2224	PHASE	2	memory	1	USR
2225	PHASE	3	writeback	0	USR
2226	FETCH	4	01000001	USR
2227	PHASE	1	writeback	0	USR
2228	FETCH	5	10000000	USR
2229	PHASE	1	execute	1	USR
2230	PHASE	2	writeback	0	USR
2231	FETCH	6	10000000	USR
2232	PHASE	1	execute	1	USR
2233	PHASE	2	writeback	0	USR
2234	FETCH	7	04000000	USR
2235	PHASE	1	execute	2	USR
2236	PHASE	2	memory	1	USR
2237	PHASE	3	writeback	0	USR
2238	FETCH	8	01000080	USR
2239	PHASE	1	writeback	0	USR
2240	FETCH	9	01000003	USR
2241	PHASE	1	writeback	0	USR
2242	FETCH	10	04000000	USR
2243	PHASE	1	execute	2	USR
2244	PHASE	2	memory	1	USR
2245	PHASE	3	writeback	0	USR
2246	FETCH	11	10000000	USR
2247	PHASE	1	execute	1	USR
2248	PHASE	2	writeback	0	USR
2249	FETCH	12	04000000	USR
2250	PHASE	1	execute	2	USR
2251	PHASE	2	memory	1	USR
2252	PHASE	3	writeback	0	USR
2253	FETCH	13	16000000	USR
2254	PHASE	1	execute	1	USR
2255	PHASE	2	writeback	0	USR
2256	FETCH	14	2100003A	USR
2257	PHASE	1	execute	2	USR
2258	PHASE	2	branch	1	USR
2259	PHASE	3	writeback	0	USR
2260	FETCH	58	01000000	USR
2261	PHASE	1	writeback	0	USR
2262	FETCH	59	06000000	USR
2263	PHASE	1	writeback	0	USR
2264	FETCH	60	23000000	USR
2265	PHASE	1	execute	1	USR
2266	PHASE	2	writeback	0	USR
2267	FETCH	74	03000000	USR
2268	PHASE	1	writeback	0	USR
2269	FETCH	75	01000004	USR
2270	PHASE	1	writeback	0	USR
2271	FETCH	76	01000004	USR
2272	PHASE	1	writeback	0	USR
2273	FETCH	77	04000000	USR
2274	PHASE	1	execute	2	USR
2275	PHASE	2	memory	1	USR
2276	PHASE	3	writeback	0	USR
2277	FETCH	78	01000001	USR
2278	PHASE	1	writeback	0	USR
2279	FETCH	79	10000000	USR
2280	PHASE	1	execute	1	USR
2281	PHASE	2	writeback	0	USR
2282	FETCH	80	05000000	USR
2283	PHASE	1	execute	2	USR
2284	PHASE	2	memory	1	USR
2285	PHASE	3	writeback	0	USR
2286	FETCH	81	2200003D	USR
2287	PHASE	1	execute	1	USR
2288	PHASE	2	writeback	0	USR
2289	FETCH	61	01000004	USR
2290	PHASE	1	writeback	0	USR
2291	FETCH	62	04000000	USR
2292	PHASE	1	execute	2	USR
2293	PHASE	2	memory	1	USR
2294	PHASE	3	writeback	0	USR
2295	FETCH	63	01000001	USR
2296	PHASE	1	writeback	0	USR
2297	FETCH	64	10000000	USR
2298	PHASE	1	execute	1	USR
2299	PHASE	2	writeback	0	USR
2300	FETCH	65	01000002	USR
2301	PHASE	1	writeback	0	USR
2302	FETCH	66	04000000	USR
2303	PHASE	1	execute	2	USR
2304	PHASE	2	memory	1	USR
2305	PHASE	3	writeback	0	USR
2306	FETCH	67	16000000	USR
2307	PHASE	1	execute	1	USR
2308	PHASE	2	writeback	0	USR
2309	FETCH	68	21000055	USR
2310	PHASE	1	execute	2	USR
2311	PHASE	2	branch	1	USR
2312	PHASE	3	writeback	0	USR
2313	FETCH	69	01000003	USR
2314	PHASE	1	writeback	0	USR
2315	FETCH	70	01000004	USR
2316	PHASE	1	writeback	0	USR
2317	FETCH	71	04000000	USR
2318	PHASE	1	execute	2	USR
2319	PHASE	2	memory	1	USR
2320	PHASE	3	writeback	0	USR
2321	FETCH	72	05000000	USR
2322	PHASE	1	execute	2	USR
2323	PHASE	2	memory	1	USR
2324	PHASE	3	writeback	0	USR
2325	FETCH	73	22000001	USR
2326	PHASE	1	execute	1	USR
2327	PHASE	2	writeback	0	USR
2328	FETCH	1	01000080	USR
2329	PHASE	1	writeback	0	USR
2330	FETCH	2	01000003	USR
2331	PHASE	1	writeback	0	USR
2332	FETCH	3	04000000	USR
2333	PHASE	1	execute	2	USR
2334	PHASE	2	memory	1	USR
2335	PHASE	3	writeback	0	USR
2336	FETCH	4	01000001	USR
2337	PHASE	1	writeback	0	USR
2338	FETCH	5	10000000	USR
2339	PHASE	1	execute	1	USR
2340	PHASE	2	writeback	0	USR
2341	FETCH	6	10000000	USR
2342	PHASE	1	execute	1	USR
2343	PHASE	2	writeback	0	USR
2344	FETCH	7	04000000	USR
2345	PHASE	1	execute	2	USR
2346	PHASE	2	memory	1	USR
2347	PHASE	3	writeback	0	USR
2348	FETCH	8	01000080	USR
2349	PHASE	1	writeback	0	USR
2350	FETCH	9	01000003	USR
2351	PHASE	1	writeback	0	USR
2352	FETCH	10	04000000	USR
2353	PHASE	1	execute	2	USR
2354	PHASE	2	memory	1	USR
2355	PHASE	3	writeback	0	USR
2356	FETCH	11	10000000	USR
2357	PHASE	1	execute	1	USR
2358	PHASE	2	writeback	0	USR
2359	FETCH	12	04000000	USR
2360	PHASE	1	execute	2	USR
2361	PHASE	2	memory	1	USR
2362	PHASE	3	writeback	0	USR
2363	FETCH	13	16000000	USR
2364	PHASE	1	execute	1	USR
2365	PHASE	2	writeback	0	USR
2366	FETCH	14	2100003A	USR
2367	PHASE	1	execute	2	USR
2368	PHASE	2	branch	1	USR
2369	PHASE	3	writeback	0	USR
2370	FETCH	58	01000000	USR
2371	PHASE	1	writeback	0	USR
2372	FETCH	59	06000000	USR
2373	PHASE	1	writeback	0	USR
2374	FETCH	60	23000000	USR
2375	PHASE	1	execute	1	USR
2376	PHASE	2	writeback	0	USR
2377	FETCH	74	03000000	USR
2378	PHASE	1	writeback	0	USR
2379	FETCH	75	01000004	USR
2380	PHASE	1	writeback	0	USR
2381	FETCH	76	01000004	USR
2382	PHASE	1	writeback	0	USR
2383	FETCH	77	04000000	USR
2384	PHASE	1	execute	2	USR
2385	PHASE	2	memory	1	USR
2386	PHASE	3	writeback	0	USR
2387	FETCH	78	01000001	USR
2388	PHASE	1	writeback	0	USR
2389	FETCH	79	10000000	USR
2390	PHASE	1	execute	1	USR
2391	PHASE	2	writeback	0	USR
2392	FETCH	80	05000000	USR
2393	PHASE	1	execute	2	USR
2394	PHASE	2	memory	1	USR
2395	PHASE	3	writeback	0	USR
2396	FETCH	81	2200003D	USR
2397	PHASE	1	execute	1	USR
2398	PHASE	2	writeback	0	USR
2399	FETCH	61	01000004	USR
2400	PHASE	1	writeback	0	USR
2401	FETCH	62	04000000	USR
2402	PHASE	1	execute	2	USR
2403	PHASE	2	memory	1	USR
2404	PHASE	3	writeback	0	USR
2405	FETCH	63	01000001	USR
2406	PHASE	1	writeback	0	USR
2407	FETCH	64	10000000	USR
2408	PHASE	1	execute	1	USR
2409	PHASE	2	writeback	0	USR
2410	FETCH	65	01000002	USR
2411	PHASE	1	writeback	0	USR
2412	FETCH	66	04000000	USR
2413	PHASE	1	execute	2	USR
2414	PHASE	2	memory	1	USR
2415	PHASE	3	writeback	0	USR
2416	FETCH	67	16000000	USR
2417	PHASE	1	execute	1	USR
2418	PHASE	2	writeback	0	USR
2419	FETCH	68	21000055	USR
2420	PHASE	1	execute	2	USR
2421	PHASE	2	branch	1	USR
2422	PHASE	3	writeback	0	USR
2423	FETCH	69	01000003	USR
2424	PHASE	1	writeback	0	USR
2425	FETCH	70	01000004	USR
2426	PHASE	1	writeback	0	USR
2427	FETCH	71	04000000	USR
2428	PHASE	1	execute	2	USR
2429	PHASE	2	memory	1	USR
2430	PHASE	3	writeback	0	USR
2431	FETCH	72	05000000	USR
2432	PHASE	1	execute	2	USR
2433	PHASE	2	memory	1	USR
2434	PHASE	3	writeback	0	USR
2435	FETCH	73	22000001	USR
2436	PHASE	1	execute	1	USR
2437	PHASE	2	writeback	0	USR
2438	FETCH	1	01000080	USR
2439	PHASE	1	writeback	0	USR
2440	FETCH	2	01000003	USR
2441	PHASE	1	writeback	0	USR
2442	FETCH	3	04000000	USR
2443	PHASE	1	execute	2	USR
2444	PHASE	2	memory	1	USR
2445	PHASE	3	writeback	0	USR
2446	FETCH	4	01000001	USR
2447	PHASE	1	writeback	0	USR
2448	FETCH	5	10000000	USR
2449	PHASE	1	execute	1	USR
2450	PHASE	2	writeback	0	USR
2451	FETCH	6	10000000	USR
2452	PHASE	1	execute	1	USR
2453	PHASE	2	writeback	0	USR
2454	FETCH	7	04000000	USR
2455	PHASE	1	execute	2	USR
2456	PHASE	2	memory	1	USR
2457	PHASE	3	writeback	0	USR
2458	FETCH	8	01000080	USR
2459	PHASE	1	writeback	0	USR
2460	FETCH	9	01000003	USR
2461	PHASE	1	writeback	0	USR
2462	FETCH	10	04000000	USR
2463	PHASE	1	execute	2	USR
2464	PHASE	2	memory	1	USR
2465	PHASE	3	writeback	0	USR
2466	FETCH	11	10000000	USR
2467	PHASE	1	execute	1	USR
2468	PHASE	2	writeback	0	USR
2469	FETCH	12	04000000	USR
2470	PHASE	1	execute	2	USR
2471	PHASE	2	memory	1	USR
2472	PHASE	3	writeback	0	USR
2473	FETCH	13	16000000	USR
2474	PHASE	1	execute	1	USR
2475	PHASE	2	writeback	0	USR
2476	FETCH	14	2100003A	USR
2477	PHASE	1	execute	2	USR
2478	PHASE	2	branch	1	USR
2479	PHASE	3	writeback	0	USR
2480	FETCH	58	01000000	USR
2481	PHASE	1	writeback	0	USR
2482	FETCH	59	06000000	USR
2483	PHASE	1	writeback	0	USR
2484	FETCH	60	23000000	USR
2485	PHASE	1	execute	1	USR
2486	PHASE	2	writeback	0	USR
2487	FETCH	74	03000000	USR
2488	PHASE	1	writeback	0	USR
2489	FETCH	75	01000004	USR
2490	PHASE	1	writeback	0	USR
2491	FETCH	76	01000004	USR
2492	PHASE	1	writeback	0	USR
2493	FETCH	77	04000000	USR
2494	PHASE	1	execute	2	USR
2495	PHASE	2	memory	1	USR
2496	PHASE	3	writeback	0	USR
2497	FETCH	78	01000001	USR
2498	PHASE	1	writeback	0	USR
2499	FETCH	79	10000000	USR
2500	PHASE	1	execute	1	USR
2501	PHASE	2	writeback	0	USR
2502	FETCH	80	05000000	USR
2503	PHASE	1	execute	2	USR
2504	PHASE	2	memory	1	USR
2505	PHASE	3	writeback	0	USR
2506	FETCH	81	2200003D	USR
2507	PHASE	1	execute	1	USR
2508	PHASE	2	writeback	0	USR
2509	FETCH	61	01000004	USR
2510	PHASE	1	writeback	0	USR
2511	FETCH	62	04000000	USR
2512	PHASE	1	execute	2	USR
2513	PHASE	2	memory	1	USR
2514	PHASE	3	writeback	0	USR
2515	FETCH	63	01000001	USR
2516	PHASE	1	writeback	0	USR
2517	FETCH	64	10000000	USR
2518	PHASE	1	execute	1	USR
2519	PHASE	2	writeback	0	USR
2520	FETCH	65	01000002	USR
2521	PHASE	1	writeback	0	USR
2522	FETCH	66	04000000	USR
2523	PHASE	1	execute	2	USR
2524	PHASE	2	memory	1	USR
2525	PHASE	3	writeback	0	USR
2526	FETCH	67	16000000	USR
2527	PHASE	1	execute	1	USR
2528	PHASE	2	writeback	0	USR
2529	FETCH	68	21000055	USR
2530	PHASE	1	execute	2	USR
2531	PHASE	2	branch	1	USR
2532	PHASE	3	writeback	0	USR
2533	FETCH	85	01000000	USR
2534	PHASE	1	writeback	0	USR
2535	FETCH	86	06000000	USR
2536	PHASE	1	writeback	0	USR
2537	FETCH	87	23000000	USR
2538	PHASE	1	execute	1	USR
2539	PHASE	2	writeback	0	USR
2540	FETCH	82	03000000	USR
2541	PHASE	1	writeback	0	USR
2542	FETCH	83	01000000	USR
2543	PHASE	1	writeback	0	USR
2544	FETCH	84	20000056	USR
2545	PHASE	1	writeback	0	USR
2546	FETCH	86	06000000	USR
2547	PHASE	1	writeback	0	USR
2548	FETCH	87	23000000	USR
2549	PHASE	1	execute	1	USR
2550	PHASE	2	writeback	0	USR
2551	FETCH	82	03000000	USR
2552	PHASE	1	writeback	0	USR
2553	FETCH	83	01000000	USR
2554	PHASE	1	writeback	0	USR
2555	FETCH	84	20000056	USR
2556	PHASE	1	writeback	0	USR
2557	FETCH	86	06000000	USR
2558	PHASE	1	writeback	0	USR
2559	FETCH	87	23000000	USR
2560	PHASE	1	execute	1	USR
2561	PHASE	2	writeback	0	USR
2562	FETCH	82	03000000	USR
2563	PHASE	1	writeback	0	USR
2564	FETCH	83	01000000	USR
2565	PHASE	1	writeback	0	USR
2566	FETCH	84	20000056	USR
2567	PHASE	1	writeback	0	USR
2568	FETCH	86	06000000	USR
2569	PHASE	1	writeback	0	USR
2570	FETCH	87	23000000	USR
2571	PHASE	1	execute	1	USR
2572	PHASE	2	writeback	0	USR
2573	FETCH	98	03000000	USR
2574	PHASE	1	writeback	0	USR
2575	FETCH	99	01000001	USR
2576	PHASE	1	writeback	0	USR
2577	FETCH	100	04000000	USR
2578	PHASE	1	execute	2	USR
2579	PHASE	2	memory	1	USR
2580	PHASE	3	writeback	0	USR
2581	FETCH	101	01000001	USR
2582	PHASE	1	writeback	0	USR
2583	FETCH	102	15000000	USR
2584	PHASE	1	execute	1	USR
2585	PHASE	2	writeback	0	USR
2586	FETCH	103	2100006C	USR
2587	PHASE	1	execute	2	USR
2588	PHASE	2	branch	1	USR
2589	PHASE	3	writeback	0	USR
2590	FETCH	108	01000000	USR
2591	PHASE	1	writeback	0	USR
2592	FETCH	109	03000000	USR
2593	PHASE	1	writeback	0	USR
2594	FETCH	110	01000000	USR
2595	PHASE	1	writeback	0	USR
2596	FETCH	111	06000000	USR
2597	PHASE	1	writeback	0	USR
2598	FETCH	112	23000000	USR
2599	PHASE	1	execute	1	USR
2600	PHASE	2	writeback	0	USR
2601	FETCH	105	03000000	USR
2602	PHASE	1	writeback	0	USR
2603	FETCH	106	01000000	USR
2604	PHASE	1	writeback	0	USR
2605	FETCH	107	2000006D	USR
2606	PHASE	1	writeback	0	USR
2607	FETCH	109	03000000	USR
2608	PHASE	1	writeback	0	USR
2609	FETCH	110	01000000	USR
2610	PHASE	1	writeback	0	USR
2611	FETCH	111	06000000	USR
2612	PHASE	1	writeback	0	USR
2613	FETCH	112	23000000	USR
2614	PHASE	1	execute	1	USR
2615	PHASE	2	writeback	0	USR
2616	FETCH	105	03000000	USR
2617	PHASE	1	writeback	0	USR
2618	FETCH	106	01000000	USR
2619	PHASE	1	writeback	0	USR
2620	FETCH	107	2000006D	USR
2621	PHASE	1	writeback	0	USR
2622	FETCH	109	03000000	USR
2623	PHASE	1	writeback	0	USR
2624	FETCH	110	01000000	USR
2625	PHASE	1	writeback	0	USR
2626	FETCH	111	06000000	USR
2627	PHASE	1	writeback	0	USR
2628	FETCH	112	23000000	USR
2629	PHASE	1	execute	1	USR
2630	PHASE	2	writeback	0	USR
2631	FETCH	105	03000000	USR
2632	PHASE	1	writeback	0	USR
2633	FETCH	106	01000000	USR
2634	PHASE	1	writeback	0	USR
2635	FETCH	107	2000006D	USR
2636	PHASE	1	writeback	0	USR
2637	FETCH	109	03000000	USR
2638	PHASE	1	writeback	0	USR
2639	FETCH	110	01000000	USR
2640	PHASE	1	writeback	0	USR
2641	FETCH	111	06000000	USR
2642	PHASE	1	writeback	0	USR
2643	FETCH	112	23000000	USR
2644	PHASE	1	execute	1	USR
2645	PHASE	2	writeback	0	USR
2646	FETCH	184	03000000	USR
2647	PHASE	1	writeback	0	USR
2648	FETCH	185	01000000	USR
2649	PHASE	1	writeback	0	USR
2650	FETCH	186	200000BC	USR
2651	PHASE	1	writeback	0	USR
2652	FETCH	188	03000000	USR
2653	PHASE	1	writeback	0	USR
2654	FETCH	189	01000006	USR
2655	PHASE	1	writeback	0	USR
2656	FETCH	190	01000000	USR
2657	PHASE	1	writeback	0	USR
2658	FETCH	191	05000000	USR
2659	PHASE	1	execute	2	USR
2660	PHASE	2	memory	1	USR
2661	PHASE	3	writeback	0	USR
2662	FETCH	192	2200008C	USR
2663	PHASE	1	execute	1	USR
2664	PHASE	2	writeback	0	USR
2665	FETCH	140	01000006	USR
2666	PHASE	1	writeback	0	USR
2667	FETCH	141	04000000	USR
2668	PHASE	1	execute	2	USR
2669	PHASE	2	memory	1	USR
2670	PHASE	3	writeback	0	USR
2671	FETCH	142	01000002	USR
2672	PHASE	1	writeback	0	USR
2673	FETCH	143	04000000	USR
2674	PHASE	1	execute	2	USR
2675	PHASE	2	memory	1	USR
2676	PHASE	3	writeback	0	USR
2677	FETCH	144	16000000	USR
2678	PHASE	1	execute	1	USR
2679	PHASE	2	writeback	0	USR
2680	FETCH	145	210000A4	USR
2681	PHASE	1	execute	2	USR
2682	PHASE	2	branch	1	USR
2683	PHASE	3	writeback	0	USR
2684	FETCH	146	01000080	USR
2685	PHASE	1	writeback	0	USR
2686	FETCH	147	01000006	USR
2687	PHASE	1	writeback	0	USR
2688	FETCH	148	04000000	USR
2689	PHASE	1	execute	2	USR
2690	PHASE	2	memory	1	USR
2691	PHASE	3	writeback	0	USR
2692	FETCH	149	10000000	USR
2693	PHASE	1	execute	1	USR
2694	PHASE	2	writeback	0	USR
2695	FETCH	150	04000000	USR
2696	PHASE	1	execute	2	USR
2697	PHASE	2	memory	1	USR
2698	PHASE	3	writeback	0	USR
2699	FETCH	151	02000000	USR
2700	PHASE	1	writeback	0	USR
2701	FETCH	152	31000001	USR
2702	PHASE	1	execute	1	USR
2703	PHASE	2	writeback	0	USR
2704	FETCH	153	03000000	USR
2705	PHASE	1	writeback	0	USR
2706	FETCH	154	01000006	USR
2707	PHASE	1	writeback	0	USR
2708	FETCH	155	01000006	USR
2709	PHASE	1	writeback	0	USR
2710	FETCH	156	04000000	USR
2711	PHASE	1	execute	2	USR
2712	PHASE	2	memory	1	USR
2713	PHASE	3	writeback	0	USR
2714	FETCH	157	01000001	USR
2715	PHASE	1	writeback	0	USR
2716	FETCH	158	10000000	USR
2717	PHASE	1	execute	1	USR
2718	PHASE	2	writeback	0	USR
2719	FETCH	159	05000000	USR
2720	PHASE	1	execute	2	USR
2721	PHASE	2	memory	1	USR
2722	PHASE	3	writeback	0	USR
2723	FETCH	160	2200008C	USR
2724	PHASE	1	execute	1	USR
2725	PHASE	2	writeback	0	USR
2726	FETCH	140	01000006	USR
2727	PHASE	1	writeback	0	USR
2728	FETCH	141	04000000	USR
2729	PHASE	1	execute	2	USR
2730	PHASE	2	memory	1	USR
2731	PHASE	3	writeback	0	USR
2732	FETCH	142	01000002	USR
2733	PHASE	1	writeback	0	USR
2734	FETCH	143	04000000	USR
2735	PHASE	1	execute	2	USR
2736	PHASE	2	memory	1	USR
2737	PHASE	3	writeback	0	USR
2738	FETCH	144	16000000	USR
2739	PHASE	1	execute	1	USR
2740	PHASE	2	writeback	0	USR
2741	FETCH	145	210000A4	USR
2742	PHASE	1	execute	2	USR
2743	PHASE	2	branch	1	USR
2744	PHASE	3	writeback	0	USR
2745	FETCH	146	01000080	USR
2746	PHASE	1	writeback	0	USR
2747	FETCH	147	01000006	USR
2748	PHASE	1	writeback	0	USR
2749	FETCH	148	04000000	USR
2750	PHASE	1	execute	2	USR
2751	PHASE	2	memory	1	USR
2752	PHASE	3	writeback	0	USR
2753	FETCH	149	10000000	USR
2754	PHASE	1	execute	1	USR
2755	PHASE	2	writeback	0	USR
2756	FETCH	150	04000000	USR
2757	PHASE	1	execute	2	USR
2758	PHASE	2	memory	1	USR
2759	PHASE	3	writeback	0	USR
2760	FETCH	151	02000000	USR
2761	PHASE	1	writeback	0	USR
2762	FETCH	152	31000001	USR
2763	PHASE	1	execute	1	USR
2764	PHASE	2	writeback	0	USR
2765	FETCH	153	03000000	USR
2766	PHASE	1	writeback	0	USR
2767	FETCH	154	01000006	USR
2768	PHASE	1	writeback	0	USR
2769	FETCH	155	01000006	USR
2770	PHASE	1	writeback	0	USR
2771	FETCH	156	04000000	USR
2772	PHASE	1	execute	2	USR
2773	PHASE	2	memory	1	USR
2774	PHASE	3	writeback	0	USR
2775	FETCH	157	01000001	USR
2776	PHASE	1	writeback	0	USR
2777	FETCH	158	10000000	USR
2778	PHASE	1	execute	1	USR
2779	PHASE	2	writeback	0	USR
2780	FETCH	159	05000000	USR
2781	PHASE	1	execute	2	USR
2782	PHASE	2	memory	1	USR
2783	PHASE	3	writeback	0	USR
2784	FETCH	160	2200008C	USR
2785	PHASE	1	execute	1	USR
2786	PHASE	2	writeback	0	USR
2787	FETCH	140	01000006	USR
2788	PHASE	1	writeback	0	USR
2789	FETCH	141	04000000	USR
2790	PHASE	1	execute	2	USR
2791	PHASE	2	memory	1	USR
2792	PHASE	3	writeback	0	USR
2793	FETCH	142	01000002	USR
2794	PHASE	1	writeback	0	USR
2795	FETCH	143	04000000	USR
2796	PHASE	1	execute	2	USR
2797	PHASE	2	memory	1	USR
2798	PHASE	3	writeback	0	USR
2799	FETCH	144	16000000	USR
2800	PHASE	1	execute	1	USR
2801	PHASE	2	writeback	0	USR
2802	FETCH	145	210000A4	USR
2803	PHASE	1	execute	2	USR
2804	PHASE	2	branch	1	USR
2805	PHASE	3	writeback	0	USR
2806	FETCH	146	01000080	USR
2807	PHASE	1	writeback	0	USR
2808	FETCH	147	01000006	USR
2809	PHASE	1	writeback	0	USR
2810	FETCH	148	04000000	USR
2811	PHASE	1	execute	2	USR
2812	PHASE	2	memory	1	USR
2813	PHASE	3	writeback	0	USR
2814	FETCH	149	10000000	USR
2815	PHASE	1	execute	1	USR
2816	PHASE	2	writeback	0	USR
2817	FETCH	150	04000000	USR
2818	PHASE	1	execute	2	USR
2819	PHASE	2	memory	1	USR
2820	PHASE	3	writeback	0	USR
2821	FETCH	151	02000000	USR
2822	PHASE	1	writeback	0	USR
2823	FETCH	152	31000001	USR
2824	PHASE	1	execute	1	USR
2825	PHASE	2	writeback	0	USR
2826	FETCH	153	03000000	USR
2827	PHASE	1	writeback	0	USR
2828	FETCH	154	01000006	USR
2829	PHASE	1	writeback	0	USR
2830	FETCH	155	01000006	USR
2831	PHASE	1	writeback	0	USR
2832	FETCH	156	04000000	USR
2833	PHASE	1	execute	2	USR
2834	PHASE	2	memory	1	USR
2835	PHASE	3	writeback	0	USR
2836	FETCH	157	01000001	USR
2837	PHASE	1	writeback	0	USR
2838	FETCH	158	10000000	USR
2839	PHASE	1	execute	1	USR
2840	PHASE	2	writeback	0	USR
2841	FETCH	159	05000000	USR
2842	PHASE	1	execute	2	USR
2843	PHASE	2	memory	1	USR
2844	PHASE	3	writeback	0	USR
2845	FETCH	160	2200008C	USR
2846	PHASE	1	execute	1	USR
2847	PHASE	2	writeback	0	USR
2848	FETCH	140	01000006	USR
2849	PHASE	1	writeback	0	USR
2850	FETCH	141	04000000	USR
2851	PHASE	1	execute	2	USR
2852	PHASE	2	memory	1	USR
2853	PHASE	3	writeback	0	USR
2854	FETCH	142	01000002	USR
2855	PHASE	1	writeback	0	USR
2856	FETCH	143	04000000	USR
2857	PHASE	1	execute	2	USR
2858	PHASE	2	memory	1	USR
2859	PHASE	3	writeback	0	USR
2860	FETCH	144	16000000	USR
2861	PHASE	1	execute	1	USR
2862	PHASE	2	writeback	0	USR
2863	FETCH	145	210000A4	USR
2864	PHASE	1	execute	2	USR
2865	PHASE	2	branch	1	USR
2866	PHASE	3	writeback	0	USR
2867	FETCH	146	01000080	USR
2868	PHASE	1	writeback	0	USR
2869	FETCH	147	01000006	USR
2870	PHASE	1	writeback	0	USR
2871	FETCH	148	04000000	USR
2872	PHASE	1	execute	2	USR
2873	PHASE	2	memory	1	USR
2874	PHASE	3	writeback	0	USR
2875	FETCH	149	10000000	USR
2876	PHASE	1	execute	1	USR
2877	PHASE	2	writeback	0	USR
2878	FETCH	150	04000000	USR
2879	PHASE	1	execute	2	USR
2880	PHASE	2	memory	1	USR
2881	PHASE	3	writeback	0	USR
2882	FETCH	151	02000000	USR
2883	PHASE	1	writeback	0	USR
2884	FETCH	152	31000001	USR
2885	PHASE	1	execute	1	USR
2886	PHASE	2	writeback	0	USR
2887	FETCH	153	03000000	USR
2888	PHASE	1	writeback	0	USR
2889	FETCH	154	01000006	USR
2890	PHASE	1	writeback	0	USR
2891	FETCH	155	01000006	USR
2892	PHASE	1	writeback	0	USR
2893	FETCH	156	04000000	USR
2894	PHASE	1	execute	2	USR
2895	PHASE	2	memory	1	USR
2896	PHASE	3	writeback	0	USR
2897	FETCH	157	01000001	USR
2898	PHASE	1	writeback	0	USR
2899	FETCH	158	10000000	USR
2900	PHASE	1	execute	1	USR
2901	PHASE	2	writeback	0	USR
2902	FETCH	159	05000000	USR
2903	PHASE	1	execute	2	USR
2904	PHASE	2	memory	1	USR
2905	PHASE	3	writeback	0	USR
2906	FETCH	160	2200008C	USR
2907	PHASE	1	execute	1	USR
2908	PHASE	2	writeback	0	USR
2909	FETCH	140	01000006	USR
2910	PHASE	1	writeback	0	USR
2911	FETCH	141	04000000	USR
2912	PHASE	1	execute	2	USR
2913	PHASE	2	memory	1	USR
2914	PHASE	3	writeback	0	USR
2915	FETCH	142	01000002	USR
2916	PHASE	1	writeback	0	USR
2917	FETCH	143	04000000	USR
2918	PHASE	1	execute	2	USR
2919	PHASE	2	memory	1	USR
2920	PHASE	3	writeback	0	USR
2921	FETCH	144	16000000	USR
2922	PHASE	1	execute	1	USR
2923	PHASE	2	writeback	0	USR
2924	FETCH	145	210000A4	USR
2925	PHASE	1	execute	2	USR
2926	PHASE	2	branch	1	USR
2927	PHASE	3	writeback	0	USR
2928	FETCH	164	01000000	USR
2929	PHASE	1	writeback	0	USR
2930	FETCH	165	06000000	USR
2931	PHASE	1	writeback	0	USR
2932	FETCH	166	23000000	USR
2933	PHASE	1	execute	1	USR
2934	PHASE	2	writeback	0	USR
2935	FETCH	161	03000000	USR
2936	PHASE	1	writeback	0	USR
2937	FETCH	162	01000000	USR
2938	PHASE	1	writeback	0	USR
2939	FETCH	163	200000A5	USR
2940	PHASE	1	writeback	0	USR
2941	FETCH	165	06000000	USR
2942	PHASE	1	writeback	0	USR
2943	FETCH	166	23000000	USR
2944	PHASE	1	execute	1	USR
2945	PHASE	2	writeback	0	USR
2946	FETCH	161	03000000	USR
2947	PHASE	1	writeback	0	USR
2948	FETCH	162	01000000	USR
2949	PHASE	1	writeback	0	USR
2950	FETCH	163	200000A5	USR
2951	PHASE	1	writeback	0	USR
2952	FETCH	165	06000000	USR
2953	PHASE	1	writeback	0	USR
2954	FETCH	166	23000000	USR
2955	PHASE	1	execute	1	USR
2956	PHASE	2	writeback	0	USR
2957	FETCH	161	03000000	USR
2958	PHASE	1	writeback	0	USR
2959	FETCH	162	01000000	USR
2960	PHASE	1	writeback	0	USR
2961	FETCH	163	200000A5	USR
2962	PHASE	1	writeback	0	USR
2963	FETCH	165	06000000	USR
2964	PHASE	1	writeback	0	USR
2965	FETCH	166	23000000	USR
2966	PHASE	1	execute	1	USR
2967	PHASE	2	writeback	0	USR
2968	FETCH	161	03000000	USR
2969	PHASE	1	writeback	0	USR
2970	FETCH	162	01000000	USR
2971	PHASE	1	writeback	0	USR
2972	FETCH	163	200000A5	USR
2973	PHASE	1	writeback	0	USR
2974	FETCH	165	06000000	USR
2975	PHASE	1	writeback	0	USR
2976	FETCH	166	23000000	USR
2977	PHASE	1	execute	1	USR
2978	PHASE	2	writeback	0	USR
2979	FETCH	193	32000000	USR
2979	PHASE	1	writeback	0	USR
